

Starting up. 20:44.52
---------------------
Adding game mode AutoTraitor (extend-a-traitormongous) to configuration.
Adding game mode traitor+changeling (traitorchan) to configuration.
Adding game mode traitor (traitor) to configuration.
Adding game mode changeling (changeling) to configuration.
Adding game mode cult (cult) to configuration.
Adding game mode extended (extended) to configuration.
Adding game mode heist (heist) to configuration.
Adding game mode AI malfunction (malfunction) to configuration.
Adding game mode meteor (meteor) to configuration.
Adding game mode ninja (ninja) to configuration.
Adding game mode nuclear emergency (nuclear) to configuration.
Adding game mode rp-revolution (rp-revolution) to configuration.
Adding game mode revolution (revolution) to configuration.
Adding game mode wizard (wizard) to configuration.
Saved mode is 'extended'
Failed to connect to database in load_admins(). Reverting to legacy system.
Database connection failed. Reverting to the legacy ban system.
Failed to load config/mods.txt

[20:50:55]DEBUG: Next event in 25.968 minutes.
[21:16:54]DEBUG: Next event in 24.396 minutes.


Starting up. 21:36.00
---------------------
Adding game mode AutoTraitor (extend-a-traitormongous) to configuration.
Adding game mode traitor+changeling (traitorchan) to configuration.
Adding game mode traitor (traitor) to configuration.
Adding game mode changeling (changeling) to configuration.
Adding game mode cult (cult) to configuration.
Adding game mode extended (extended) to configuration.
Adding game mode heist (heist) to configuration.
Adding game mode AI malfunction (malfunction) to configuration.
Adding game mode meteor (meteor) to configuration.
Adding game mode ninja (ninja) to configuration.
Adding game mode nuclear emergency (nuclear) to configuration.
Adding game mode rp-revolution (rp-revolution) to configuration.
Adding game mode revolution (revolution) to configuration.
Adding game mode wizard (wizard) to configuration.
Saved mode is 'extended'
Failed to connect to database in load_admins(). Reverting to legacy system.
Database connection failed. Reverting to the legacy ban system.
Failed to load config/mods.txt

[21:41:56]DEBUG: Smet19 had traitor enabled, so we are drafting them.
[21:41:56]DEBUG: Guap6512 had traitor enabled, so we are drafting them.
[21:41:56]DEBUG: Weaponer1007 had traitor enabled, so we are drafting them.
[21:42:04]DEBUG: Next event in 24.048 minutes.
[22:06:08]DEBUG: Next event in 25.03 minutes.
