

Starting up. 16:47.26
---------------------
Adding game mode AutoTraitor (extend-a-traitormongous) to configuration.
Adding game mode traitor+changeling (traitorchan) to configuration.
Adding game mode traitor (traitor) to configuration.
Adding game mode changeling (changeling) to configuration.
Adding game mode cult (cult) to configuration.
Adding game mode extended (extended) to configuration.
Adding game mode heist (heist) to configuration.
Adding game mode AI malfunction (malfunction) to configuration.
Adding game mode meteor (meteor) to configuration.
Adding game mode ninja (ninja) to configuration.
Adding game mode nuclear emergency (nuclear) to configuration.
Adding game mode rp-revolution (rp-revolution) to configuration.
Adding game mode revolution (revolution) to configuration.
Adding game mode wizard (wizard) to configuration.
Unknown setting in configuration: 'metroid_delay'
Saved mode is 'extend-a-traitormongous'
[16:47:27]ADMIN: Loading jobban_rank
[16:47:27]ADMIN: jobban_keylist was empty
[16:47:27]ADMIN: Loading Banlist


Starting up. 16:53.39
---------------------
Adding game mode AutoTraitor (extend-a-traitormongous) to configuration.
Adding game mode traitor+changeling (traitorchan) to configuration.
Adding game mode traitor (traitor) to configuration.
Adding game mode changeling (changeling) to configuration.
Adding game mode cult (cult) to configuration.
Adding game mode extended (extended) to configuration.
Adding game mode heist (heist) to configuration.
Adding game mode AI malfunction (malfunction) to configuration.
Adding game mode meteor (meteor) to configuration.
Adding game mode ninja (ninja) to configuration.
Adding game mode nuclear emergency (nuclear) to configuration.
Adding game mode rp-revolution (rp-revolution) to configuration.
Adding game mode revolution (revolution) to configuration.
Adding game mode wizard (wizard) to configuration.
Unknown setting in configuration: 'metroid_delay'
Saved mode is 'extend-a-traitormongous'
[16:53:39]ADMIN: Loading jobban_rank
[16:53:39]ADMIN: jobban_keylist was empty
[16:53:39]ADMIN: Loading Banlist
[16:56:22]ACCESS: Login: Guap6512/(Guap6512) from 127.0.0.1-1851605342 || BYOND v503
[16:57:14]ADMIN: Guap6512/(Guap6512) delayed the game.
[16:57:37]ACCESS: Logout: Guap6512/(Guap6512)
[16:57:45]ACCESS: Login: Guap6512/(Guap6512) from 127.0.0.1-1851605342 || BYOND v503
[17:02:08]ACCESS: Login: Relativist/(Relativist) from 93.81.69.252-3354801186 || BYOND v504
[17:02:12]ACCESS: Login: Kopistko/(Kopistko) from 89.178.28.26-616662746 || BYOND v503
[17:02:14]ACCESS: Login: SodiumTremens/(SodiumTremens) from 89.208.170.173-3915382600 || BYOND v503
[17:02:20]OOC: Kopistko/Kopistko : Хм
[17:02:42]OOC: Kopistko/Kopistko : СтафХу?
[17:02:45]OOC: Guap6512/Guap6512 : Минуты через три стартану.
[17:02:51]OOC: Guap6512/Guap6512 : Бл&#255;дь, что за пидорас мен&#255;л цвет?
[17:03:23]OOC: Relativist/Relativist : Копистко учит обходить баны! Бна хим!
[17:03:24]ACCESS: Logout: Kopistko/(Kopistko)
[17:03:32]ACCESS: Login: Kopistko/(Kopistko) from 89.178.28.26-616662746 || BYOND v503
[17:03:46]ACCESS: Logout: SodiumTremens/(SodiumTremens)
[17:03:48]OOC: Kopistko/Kopistko : Хули экран чёрный?
[17:03:54]OOC: Kopistko/Kopistko : Хули &#255; не могу в сетап попасть?
[17:03:56]OOC: Guap6512/Guap6512 : Перезайди.
[17:04:04]OOC: Kopistko/Kopistko : Уже
[17:04:06]ACCESS: Login: SodiumTremens/(SodiumTremens) from 89.208.170.173-3915382600 || BYOND v503
[17:04:29]ACCESS: Logout: Kopistko/(Kopistko)
[17:04:38]OOC: Guap6512/Guap6512 : Ну тогда хуй его знает, не должно быть так. Вот так должно - http://puu.sh/7suwI.jpg
[17:04:40]ACCESS: Login: Burakh/(Burakh) from 84.39.245.77-2924381966 || BYOND v503
[17:04:48]ACCESS: Login: Deman669/(Deman669) from 80.251.239.75-1020764410 || BYOND v503
[17:04:52]ACCESS: Login: Yachuk/(Yachuk) from 93.75.94.98-2168244159 || BYOND v503
[17:04:54]ACCESS: Logout: Deman669/(Deman669)
[17:04:54]ACCESS: Login: Kopistko/(Kopistko) from 89.178.28.26-616662746 || BYOND v503
[17:04:57]ACCESS: Login: Deman669/(Deman669) from 80.251.239.75-1020764410 || BYOND v503
[17:05:08]OOC: Relativist/Relativist : А у мен&#255; не так. У мен&#255; кнопок меньше.
[17:05:10]OOC: Guap6512/Guap6512 : Персонажей делайте, и &#255; стартую.
[17:05:28]OOC: Yachuk/Yachuk : Минутку
[17:06:02]ACCESS: Logout: Yachuk/(Yachuk)
[17:06:02]ACCESS: Login: Kapucin/(Kapucin) from 37.113.139.76-3113978403 || BYOND v503
[17:06:09]ACCESS: Login: Yachuk/(Yachuk) from 93.75.94.98-2168244159 || BYOND v503
[17:06:12]ACCESS: Logout: SodiumTremens/(SodiumTremens)
[17:06:34]OOC: Yachuk/Yachuk : У мен&#255; настройка персонажа не открываетс&#255;
[17:06:36]OOC: Kopistko/Kopistko : Я бы с радостью поиграл
[17:06:43]OOC: Kopistko/Kopistko : Но If the title screen is black, resources are still downloading. Please be patient until the title screen appears.#
[17:06:52]OOC: Kopistko/Kopistko : А мне лень
[17:06:54]ACCESS: Logout: Kopistko/(Kopistko)
[17:07:00]OOC: Guap6512/Guap6512 : Хуйн&#255; кака&#255;-то. Странно. Сейчас попробую перезапустить, авось поможет.
[17:07:15]ACCESS: Login: Kopistko/(Kopistko) from 89.178.28.26-616662746 || BYOND v503
[17:07:39]OOC: Guap6512/Guap6512 : Хм, может у вас так долго груз&#255;тс&#255; ресурсы?
[17:07:42]ACCESS: Login: SodiumTremens/(SodiumTremens) from 89.208.170.173-3915382600 || BYOND v503
[17:07:49]OOC: Relativist/Relativist : Все тормозит.
[17:08:14]OOC: SodiumTremens/SodiumTremens : Плюсую релативиста, тормозит.
[17:08:14]OOC: Relativist/Relativist : Нажимаю кнопку изменени&#255; шанса выпадени&#255; профессии - срабатывает через полминуты.
[17:08:33]OOC: Kopistko/Kopistko : О, подгрузилось
[17:08:38]OOC: Guap6512/Guap6512 : Бл&#255;, простите посоны.
[17:08:42]OOC: Kopistko/Kopistko : И да, лагач - пиздец
[17:08:54]OOC: Guap6512/Guap6512 : Оказалось, &#255; - хуй и забыл торренты вырубить.
[17:08:57]OOC: Yachuk/Yachuk : У мен&#255; до сих пор не открылась настройка персонажа
[17:09:17]OOC: Relativist/Relativist : Torrents grieffing my speed!
[17:09:23]OOC: Guap6512/Guap6512 : Лагач, наверное, потому что сейчас ещё дес&#255;ть человек качают.
[17:09:31]OOC: Guap6512/Guap6512 : http://puu.sh/7suIl.png
[17:09:44]OOC: Kopistko/Kopistko : Так ты ещё и на домашней пеке стоишь
[17:09:45]OOC: Guap6512/Guap6512 : http://puu.sh/7suJ2.png
[17:09:49]OOC: Guap6512/Guap6512 : Угу.
[17:10:14]OOC: Relativist/Relativist : А что ему, сервер арендовать дл&#255; тестов?
[17:10:38]OOC: SodiumTremens/SodiumTremens : Я даже персонажа отредактировать не могу. Ты на чем хостишь?
[17:10:45]ACCESS: Logout: Kopistko/(Kopistko)
[17:11:01]OOC: Relativist/Relativist : На домашнем ПеКа, сказали же.
[17:11:32]OOC: SodiumTremens/SodiumTremens : Пока говорили у мен&#255; грузилось.
[17:11:43]OOC: Guap6512/Guap6512 : Acer Aspire V3-571G
[17:11:59]ACCESS: Logout: Yachuk/(Yachuk)
[17:12:13]ACCESS: Login: Yachuk/(Yachuk) from 93.75.94.98-2168244159 || BYOND v503
[17:12:17]OOC: Guap6512/Guap6512 : Четыре гига, интелкор ай3, 2.4 ггц
[17:12:23]ACCESS: Login: DarkAbbath/(DarkAbbath) from 109.254.49.35-2232077947 || BYOND v503
[17:12:52]ADMIN: Guap6512/(Guap6512) set the mode as extend-a-traitormongous.
[17:12:54]ACCESS: Logout: SodiumTremens/(SodiumTremens)
[17:13:01]OOC: Relativist/Relativist : У теб&#255; верси&#255; клиента кака&#255;? Хоть карту и чатик он параллельным потом обрабатывает?
[17:13:10]OOC: Relativist/Relativist : *потоком
[17:13:28]OOC: Guap6512/Guap6512 : 503
[17:13:59]OOC: Relativist/Relativist : В какой-то версии п&#255;тьсот третьего они отключали, насколько &#255; помню.
[17:14:15]OOC: Guap6512/Guap6512 : Последний - п&#255;тьсот четвертый?
[17:14:23]OOC: Relativist/Relativist : Вроде бы.
[17:14:29]OOC: Guap6512/Guap6512 : Могу, в принципе, его скачать. Минутное дело.
[17:14:36]ACCESS: Login: Kopistko/(Kopistko) from 89.178.28.26-616662746 || BYOND v503
[17:14:45]OOC: Relativist/Relativist : Обновить-то при подн&#255;том сервере не выйдет.
[17:14:49]OOC: Guap6512/Guap6512 : Эт да.
[17:14:58]ACCESS: Logout: Kopistko/(Kopistko)
[17:15:58]OOC: Guap6512/Guap6512 : Ну да, в моём отрубили.
[17:18:40]OOC: DarkAbbath/DarkAbbath : Запускай
[17:18:47]OOC: Guap6512/Guap6512 : Сейчас.
[17:19:05]OOC: Guap6512/Guap6512 : Скачал тот бьенд, не хочу сейчас перезапускать, потому что 10 посонов качают, и у них всё похеритс&#255;.
[17:19:09]ADMIN: Guap6512 has started the game.
[17:19:10]DEBUG: Guap6512 had traitor enabled, so we are drafting them.
[17:19:10]GAME: Number of traitors: 1
[17:19:10]ACCESS: Logout: *no key*/(Guap6512)
[17:19:10]ACCESS: Login: Guap6512/(William Wilkerson) from 127.0.0.1-1851605342 || BYOND v503
[17:19:10]ACCESS: Logout: *no key*/(DarkAbbath)
[17:19:10]ACCESS: Login: DarkAbbath/(Malachi Jowers) from 109.254.49.35-2232077947 || BYOND v503
[17:19:19]DEBUG: Next event in 42.384 minutes.
[17:20:08]SAY: William Wilkerson/Guap6512 : Эй!
[17:20:20]SAY: William Wilkerson/Guap6512 : Кто-то ещё есть на этом ёбаном корабле?
[17:20:50]ADMIN: Guap6512/(William Wilkerson) jumped to 36,57,2 in the Prison Wing
[17:21:15]ACCESS: Logout: Yachuk/(Yachuk)
[17:21:21]SAY: William Wilkerson/Guap6512 : Эй! Вашу мать! Я что, один тут?
[17:21:26]ACCESS: Logout: DarkAbbath/(Malachi Jowers)
[17:21:33]ACCESS: Login: Jarlo/(Jarlo) from 109.200.117.239-4021370887 || BYOND v501
[17:21:52]OOC: William Wilkerson/Guap6512 : ДаркАббатс
[17:21:56]OOC: William Wilkerson/Guap6512 : Не лагает в игре?
[17:22:01]ACCESS: Login: DarkAbbath/(Malachi Jowers) from 109.254.49.35-2232077947 || BYOND v503
[17:22:21]OOC: Jarlo/Jarlo : Hmmmm
[17:22:32]OOC: Jarlo/Jarlo : JOIN DUNT WORK
[17:22:41]OOC: Jarlo/Jarlo : Или столь сильно лагает?
[17:22:46]OOC: Malachi Jowers/DarkAbbath : Врем&#255; ставить на Балки
[17:22:51]OOC: William Wilkerson/Guap6512 : Говор&#255;т, лагает.
[17:23:02]OOC: Jarlo/Jarlo : У теб&#255; похоже, интернет, того.
[17:23:02]ACCESS: Login: Yachuk/(Yachuk) from 93.75.94.98-2168244159 || BYOND v503
[17:23:04]OOC: Jarlo/Jarlo : Дурак он.
[17:23:11]OOC: William Wilkerson/Guap6512 : 10 человек качают.
[17:23:13]OOC: William Wilkerson/Guap6512 : Сейчас.
[17:23:20]OOC: Malachi Jowers/DarkAbbath : Жаль ботаника нова&#255;
[17:23:28]OOC: Jarlo/Jarlo : ЗАГРУЗИЛОСЬ ОКОШКО ВЫБОРА ПРОФЕССИИ
[17:23:31]OOC: Jarlo/Jarlo : OH YE
[17:23:32]ACCESS: Logout: *no key*/(Yachuk)
[17:23:32]ACCESS: Login: Yachuk/(Yan Rayall) from 93.75.94.98-2168244159 || BYOND v503
[17:23:35]OOC: William Wilkerson/Guap6512 : Поздравл&#255;ю
[17:23:42]ACCESS: Logout: *no key*/(Jarlo)
[17:23:42]ACCESS: Login: Jarlo/(Alexandria Fitzgerald) from 109.200.117.239-4021370887 || BYOND v501
[17:23:48]OOC: William Wilkerson/Guap6512 : А ещё у мен&#255; хуёва&#255; верси&#255; бьенда, котора&#255; без многопоточности.
[17:23:55]OOC: Malachi Jowers/DarkAbbath : Я смог пройти дверной проем!
[17:23:59]OOC: Yan Rayall/Yachuk : Это не ССка, а тактическа&#255; пошагова&#255; стратеги&#255;
[17:24:05]ATTACK: <font color='red'>Alexandria Fitzgerald (jarlo) grabbed the neck of Yan Rayall (yachuk)</font>
[17:24:17]SAY: William Wilkerson/Guap6512 : Эй, мен&#255; слышно?
[17:24:31]ATTACK: <font color='red'>Alexandria Fitzgerald (jarlo) grabbed the neck of Yan Rayall (yachuk)</font>
[17:24:40]OOC: Yan Rayall/Yachuk : Лол мен&#255; пизд&#255;т, а &#255; ещё в шаттле
[17:24:42]OOC: Alexandria Fitzgerald/Jarlo : WUUUUUUUUT
[17:24:43]ADMIN: HELP: DarkAbbath/(Malachi Jowers): Так есть шанс что она пойдет на Черный? - heard by 1 non-AFK admins.
[17:24:44]OOC: Alexandria Fitzgerald/Jarlo : http://puu.sh/7svkC.png
[17:24:49]ADMIN: PM: Guap6512/(William Wilkerson)->DarkAbbath/(Malachi Jowers): Что?
[17:24:50]OOC: Alexandria Fitzgerald/Jarlo : ЭТОТ ПАРЕНЬ УПАЛ НА ЛИЦО
[17:24:54]OOC: Malachi Jowers/DarkAbbath : НОВЫЙ БЕЙ
[17:25:02]ADMIN: PM: DarkAbbath/(Malachi Jowers)->Guap6512/(William Wilkerson): Луну
[17:25:05]OOC: William Wilkerson/Guap6512 : Тут, короче, падени&#255; другие.
[17:25:06]OOC: Alexandria Fitzgerald/Jarlo : САТАНА
[17:25:08]OOC: Alexandria Fitzgerald/Jarlo : ИЗЫДИ
[17:25:16]OOC: William Wilkerson/Guap6512 : Спрайт ПОВОРАЧИВАЕТ.
[17:25:16]OOC: Relativist/Relativist : Ну да, последн&#255;&#255; верси&#255; Бе&#255;.
[17:25:24]OOC: Relativist/Relativist : Все фичи там.
[17:25:28]ADMIN: PM: DarkAbbath/(Malachi Jowers)->Guap6512/(William Wilkerson): Карта-то вс&#255;ко лучше нынешней там
[17:25:30]OOC: Alexandria Fitzgerald/Jarlo : http://puu.sh/7svmm.png
[17:25:32]OOC: Alexandria Fitzgerald/Jarlo : Нахуй так жить?
[17:25:50]OOC: Malachi Jowers/DarkAbbath : Ты еще не видел шаттла
[17:25:56]OOC: Malachi Jowers/DarkAbbath : И инженерки
[17:26:01]SAY: William Wilkerson/Guap6512 : Иди нахуй.
[17:26:02]SAY: William Wilkerson/Guap6512 : Пидор.
[17:26:03]OOC: Malachi Jowers/DarkAbbath : Вот там чудеса маппинга
[17:26:05]OOC: Relativist/Relativist : Будь у мен&#255; больше свободного времени - уже перенес бы на него вает.
[17:26:10]SAY: Alexandria Fitzgerald/Jarlo : NO YOU
[17:26:11]SAY: William Wilkerson/Guap6512 : Радио лучшеб протестировал.
[17:26:12]OOC: Yan Rayall/Yachuk : Александри&#255;, котора&#255; мен&#255; пиздит, прошу пощадить, &#255; все ещё в поде
[17:26:21]SAY: Alexandria Fitzgerald/Jarlo : HUILA
[17:26:27]OOC: Malachi Jowers/DarkAbbath : Красота
[17:26:27]SAY: William Wilkerson/Guap6512 : Нет ты.
[17:26:34]SAY: Alexandria Fitzgerald/Jarlo : TESTED
[17:26:59]SAY: William Wilkerson/Guap6512 : О!
[17:27:02]SAY: William Wilkerson/Guap6512 : Пидор приехал.
[17:27:43]SAY: William Wilkerson/Guap6512 : Роботист пидорас!
[17:27:44]SAY: Yan Rayall/Yachuk : Я всё ещё лежу на полу или мне кажетс&#255;?
[17:27:46]OOC: Malachi Jowers/DarkAbbath : А тут есть ксенобиологи&#255;?
[17:27:49]ACCESS: Logout: Deman669/(Deman669)
[17:27:54]OOC: William Wilkerson/Guap6512 : Нету.
[17:28:08]OOC: William Wilkerson/Guap6512 : Как и профессии ксенобиолога.
[17:28:20]ATTACK: William Wilkerson (guap6512) punched Alexandria Fitzgerald (jarlo)
[17:28:21]ADMIN: HELP: Yachuk/(Yan Rayall): Гуап, может быть у теб&#255; есть кто у кого инет быстрее и комп мощнее? - heard by 1 non-AFK admins.
[17:28:21]ATTACK: William Wilkerson (guap6512) punched Alexandria Fitzgerald (jarlo)
[17:28:26]ADMIN: PM: Guap6512/(William Wilkerson)->Yachuk/(Yan Rayall): Что?
[17:28:37]ADMIN: PM: Guap6512/(William Wilkerson)->Yachuk/(Yan Rayall): http://puu.sh/7svui.png
[17:28:59]OOC: Malachi Jowers/DarkAbbath : Странно. С одной стороны нет доступа в лобби брига
[17:29:08]OOC: William Wilkerson/Guap6512 : С какой?
[17:29:10]ADMIN: PM: Yachuk/(Yan Rayall)->Guap6512/(William Wilkerson): PM to-Admins: Гуап, может быть у теб&#255; есть кто у кого инет быстрее и комп мощнее?
[17:29:21]OOC: Malachi Jowers/DarkAbbath : У лестницы
[17:29:25]OOC: Malachi Jowers/DarkAbbath : Справа
[17:29:47]SAY: William Wilkerson/Guap6512 : Нормально всё.
[17:29:53]SAY: Malachi Jowers/DarkAbbath : Смотри
[17:30:00]OOC: William Wilkerson/Guap6512 : Бл&#255; посоны, админПМ-ки совсем похерились.
[17:30:19]OOC: William Wilkerson/Guap6512 : Одно слово из 10 отправл&#255;ет.
[17:30:20]OOC: Alexandria Fitzgerald/Jarlo : WELCOME TO THE RICE FIELDS MOTHERFUCKER
[17:30:28]SAY: William Wilkerson/Guap6512 : Ярло пидар.
[17:30:31]ATTACK: Malachi Jowers (darkabbath) disarmed Alexandria Fitzgerald (jarlo)
[17:30:32]ACCESS: Login: Hello1122/(Hello1122) from 188.186.124.8-310325192 || BYOND v504
[17:30:35]ATTACK: Malachi Jowers (darkabbath) disarmed Alexandria Fitzgerald (jarlo)
[17:30:47]SAY: William Wilkerson/Guap6512 : Смотри как могу.
[17:31:04]ATTACK: <font color='red'>Alexandria Fitzgerald (jarlo) grabbed the neck of William Wilkerson (guap6512)</font>
[17:31:10]SAY: Alexandria Fitzgerald/Jarlo : NO YOU
[17:31:13]SAY: Alexandria Fitzgerald/Jarlo : PIDOR
[17:31:15]ACCESS: Logout: Hello1122/(Hello1122)
[17:31:17]SAY: Yan Rayall/Yachuk : Фухх
[17:31:25]SAY: Yan Rayall/Yachuk : Вроде опустило
[17:31:30]SAY: Yan Rayall/Yachuk : Кхм
[17:31:33]SAY: William Wilkerson/Guap6512 : Какого ху&#255; доступ сюда?
[17:31:34]SAY: Yan Rayall/Yachuk : отпустило
[17:31:34]SAY: William Wilkerson/Guap6512 : Бл&#255;...
[17:31:39]SAY: Alexandria Fitzgerald/Jarlo : LOHUSHA
[17:31:40]ACCESS: Login: Inaf/(Inaf) from 94.190.50.37-358627661 || BYOND v503
[17:31:51]ADMIN: Guap6512/(William Wilkerson) jumped to 50,43,2 in the Head of Security's Office
[17:31:59]ADMIN: Guap6512/(William Wilkerson) jumped to 48,49,2 in the Security Lobby
[17:32:14]ADMIN: Guap6512/(William Wilkerson) jumped to 55,52,2 in the Armory
[17:32:17]ADMIN: Guap6512/(William Wilkerson) teleported Jarlo/(Alexandria Fitzgerald)
[17:32:18]ACCESS: Logout: *no key*/(Malachi Jowers)
[17:32:18]ACCESS: Login: DarkAbbath/(Malachi Jowers) from 109.254.49.35-2232077947 || BYOND v503
[17:32:44]OOC: Malachi Jowers/DarkAbbath : А куда постав&#255;т эту карту?
[17:32:51]ATTACK: Alexandria Fitzgerald (jarlo) was hit by a thrown the wrench, last touched by William Wilkerson (guap6512) (<A HREF='?_src_=holder;adminplayerobservecoodjump=1;X=62;Y=53;Z=2'>JMP</a>)
[17:32:54]ATTACK: Alexandria Fitzgerald (jarlo) was hit by a thrown the shard, last touched by William Wilkerson (guap6512) (<A HREF='?_src_=holder;adminplayerobservecoodjump=1;X=62;Y=53;Z=2'>JMP</a>)
[17:33:02]SAY: Alexandria Fitzgerald/Jarlo : БЛЯ
[17:33:04]ATTACK: Alexandria Fitzgerald (jarlo) was hit by a thrown the ion rifle, last touched by William Wilkerson (guap6512) (<A HREF='?_src_=holder;adminplayerobservecoodjump=1;X=63;Y=53;Z=2'>JMP</a>)
[17:33:06]SAY: Alexandria Fitzgerald/Jarlo : СКВОЗЬ ОКНО НЕ ВЗЯТЬ ЕГАН
[17:33:08]SAY: Alexandria Fitzgerald/Jarlo : БАГОФИКСЫ
[17:33:11]SAY: Alexandria Fitzgerald/Jarlo : БЕЙ СУКИ
[17:33:15]OOC: Inaf/Inaf : Карта -оригинальна&#255; Луна или с авторскими добавками?
[17:33:16]SAY: William Wilkerson/Guap6512 : Ну и охуенно же.
[17:33:21]ATTACK: <font color='red'>William Wilkerson (guap6512) attacked Alexandria Fitzgerald (jarlo) with stun baton (INTENT: HURT) (DAMTYE: BRUTE)</font>
[17:33:21]ATTACK: William Wilkerson (guap6512) beat Alexandria Fitzgerald (jarlo) with stun baton (<A HREF='?_src_=holder;adminplayerobservecoodjump=1;X=63;Y=52;Z=2'>JMP</a>)
[17:33:21]ATTACK: William Wilkerson (guap6512) stunned Alexandria Fitzgerald (jarlo) with stun baton
[17:33:37]OOC: Malachi Jowers/DarkAbbath : Гост не может в уровни
[17:33:39]ACCESS: Logout: Inaf/(Inaf)
[17:33:41]SAY: Alexandria Fitzgerald/Jarlo : НУ ТЫ И ЛОХ
[17:33:44]SAY: William Wilkerson/Guap6512 : Ебать.
[17:33:48]OOC: William Wilkerson/Guap6512 : По лесенкам кликай.
[17:33:51]OOC: William Wilkerson/Guap6512 : Пока что
[17:33:59]SAY: Alexandria Fitzgerald/Jarlo : ЕМП?
[17:34:03]SAY: Alexandria Fitzgerald/Jarlo : ДУРАК ЧОЛЬ?
[17:34:04]SAY: William Wilkerson/Guap6512 : Угу
[17:34:07]OOC: Yan Rayall/Yachuk : Скажем так, с косметическими и билдо-необходимыми изменени&#255;ми
[17:34:08]SAY: William Wilkerson/Guap6512 : Немного.
[17:34:12]ATTACK: Alexandria Fitzgerald (jarlo) primed a classic emp grenade (<A HREF='?_src_=holder;adminplayerobservecoodjump=1;X=64;Y=51;Z=2'>JMP</a>)
[17:34:20]OOC: Relativist/Relativist : Может на блек поставв&#255;т, а может никуда и не постав&#255;т.
[17:34:21]SAY: William Wilkerson/Guap6512 : Ниху&#255;.
[17:34:24]SAY: William Wilkerson/Guap6512 : Надо выпилить.
[17:34:37]SAY: Alexandria Fitzgerald/Jarlo : РАЗРЯДИЛ
[17:34:38]OOC: Malachi Jowers/DarkAbbath : Хотелось бы на Блэке увидеть
[17:34:39]SAY: Alexandria Fitzgerald/Jarlo : ДАЖЕ АЛЛАХА
[17:34:50]OOC: Malachi Jowers/DarkAbbath : Вс&#255;ко лучше той, что сейчас там
[17:34:50]ATTACK: Alexandria Fitzgerald (jarlo) was hit by a thrown the stun baton, last touched by William Wilkerson (guap6512) (<A HREF='?_src_=holder;adminplayerobservecoodjump=1;X=63;Y=51;Z=2'>JMP</a>)
[17:34:50]ATTACK: Flying stun baton, last touched by (Guap6512) stunned Alexandria Fitzgerald (jarlo)
[17:34:54]OOC: Alexandria Fitzgerald/Jarlo : Легче на бей
[17:34:56]SAY: William Wilkerson/Guap6512 : Пон&#255;л сука.
[17:34:57]OOC: Alexandria Fitzgerald/Jarlo : Тьфу
[17:34:59]OOC: Alexandria Fitzgerald/Jarlo : На блэк
[17:35:17]ATTACK: Alexandria Fitzgerald (jarlo) was hit by a thrown the stun baton, last touched by William Wilkerson (guap6512) (<A HREF='?_src_=holder;adminplayerobservecoodjump=1;X=62;Y=51;Z=2'>JMP</a>)
[17:35:19]OOC: Yan Rayall/Yachuk : Пока до химии дошел до жопы проголодалс&#255;
[17:35:26]SAY: William Wilkerson/Guap6512 : Бл&#255;дь
[17:35:26]OOC: Malachi Jowers/DarkAbbath : А генераторы щитов есть?
[17:35:28]SAY: William Wilkerson/Guap6512 : Я ослеп.
[17:35:33]OOC: William Wilkerson/Guap6512 : Нету.
[17:35:40]ACCESS: Logout: Yachuk/(Yan Rayall)
[17:35:44]OOC: William Wilkerson/Guap6512 : Вместо них там комнатка с платами.
[17:35:51]OOC: William Wilkerson/Guap6512 : На аккаунтолуне она была хуёва&#255;.
[17:35:57]EMOTE: Yan Rayall/Yachuk : <B>Yan Rayall</B> snores.
[17:36:02]OOC: Malachi Jowers/DarkAbbath : Научный хорошо сделан, да
[17:36:03]ATTACK: <font color='red'>Alexandria Fitzgerald (jarlo) attacked William Wilkerson (guap6512) with stun baton (INTENT: HURT) (DAMTYE: BRUTE)</font>
[17:36:03]ATTACK: Alexandria Fitzgerald (jarlo) beat William Wilkerson (guap6512) with stun baton (<A HREF='?_src_=holder;adminplayerobservecoodjump=1;X=59;Y=52;Z=2'>JMP</a>)
[17:36:03]ATTACK: Alexandria Fitzgerald (jarlo) stunned William Wilkerson (guap6512) with stun baton
[17:36:05]ATTACK: <font color='red'>Alexandria Fitzgerald (jarlo) attacked William Wilkerson (guap6512) with stun baton (INTENT: HURT) (DAMTYE: BRUTE)</font>
[17:36:05]ATTACK: Alexandria Fitzgerald (jarlo) beat William Wilkerson (guap6512) with stun baton (<A HREF='?_src_=holder;adminplayerobservecoodjump=1;X=59;Y=52;Z=2'>JMP</a>)
[17:36:05]ATTACK: Alexandria Fitzgerald (jarlo) stunned William Wilkerson (guap6512) with stun baton
[17:36:06]ATTACK: <font color='red'>Alexandria Fitzgerald (jarlo) attacked William Wilkerson (guap6512) with stun baton (INTENT: HURT) (DAMTYE: BRUTE)</font>
[17:36:06]ATTACK: Alexandria Fitzgerald (jarlo) beat William Wilkerson (guap6512) with stun baton (<A HREF='?_src_=holder;adminplayerobservecoodjump=1;X=59;Y=52;Z=2'>JMP</a>)
[17:36:06]ATTACK: Alexandria Fitzgerald (jarlo) stunned William Wilkerson (guap6512) with stun baton
[17:36:07]ATTACK: <font color='red'>Alexandria Fitzgerald (jarlo) attacked William Wilkerson (guap6512) with stun baton (INTENT: HURT) (DAMTYE: BRUTE)</font>
[17:36:07]ATTACK: Alexandria Fitzgerald (jarlo) beat William Wilkerson (guap6512) with stun baton (<A HREF='?_src_=holder;adminplayerobservecoodjump=1;X=59;Y=52;Z=2'>JMP</a>)
[17:36:07]ATTACK: Alexandria Fitzgerald (jarlo) stunned William Wilkerson (guap6512) with stun baton
[17:36:08]SAY: William Wilkerson/Guap6512 : ЭЭЭ
[17:36:08]ATTACK: <font color='red'>Alexandria Fitzgerald (jarlo) attacked William Wilkerson (guap6512) with stun baton (INTENT: HURT) (DAMTYE: BRUTE)</font>
[17:36:08]ATTACK: Alexandria Fitzgerald (jarlo) beat William Wilkerson (guap6512) with stun baton (<A HREF='?_src_=holder;adminplayerobservecoodjump=1;X=59;Y=52;Z=2'>JMP</a>)
[17:36:09]SAY: William Wilkerson/Guap6512 : СУКА
[17:36:09]ATTACK: <font color='red'>Alexandria Fitzgerald (jarlo) attacked William Wilkerson (guap6512) with stun baton (INTENT: HURT) (DAMTYE: BRUTE)</font>
[17:36:10]SAY: William Wilkerson/Guap6512 : СТОЙ СУК
[17:36:11]ATTACK: <font color='red'>Alexandria Fitzgerald (jarlo) attacked William Wilkerson (guap6512) with stun baton (INTENT: HURT) (DAMTYE: BRUTE)</font>
[17:36:11]ATTACK: Alexandria Fitzgerald (jarlo) beat William Wilkerson (guap6512) with stun baton (<A HREF='?_src_=holder;adminplayerobservecoodjump=1;X=59;Y=52;Z=2'>JMP</a>)
[17:36:11]EMOTE: William Wilkerson/Guap6512 : <B>William Wilkerson</B> screams!
[17:36:12]SAY: Unknown (as William Wilkerson)/Guap6512 : СТОЙ СУКА
[17:36:13]ATTACK: <font color='red'>Alexandria Fitzgerald (jarlo) attacked Unknown (as William Wilkerson) (guap6512) with stun baton (INTENT: HURT) (DAMTYE: BRUTE)</font>
[17:36:13]ATTACK: Alexandria Fitzgerald (jarlo) beat Unknown (as William Wilkerson) (guap6512) with stun baton (<A HREF='?_src_=holder;adminplayerobservecoodjump=1;X=59;Y=52;Z=2'>JMP</a>)
[17:36:15]ATTACK: <font color='red'>Alexandria Fitzgerald (jarlo) attacked Unknown (as William Wilkerson) (guap6512) with stun baton (INTENT: HURT) (DAMTYE: BRUTE)</font>
[17:36:15]ATTACK: Alexandria Fitzgerald (jarlo) beat Unknown (as William Wilkerson) (guap6512) with stun baton (<A HREF='?_src_=holder;adminplayerobservecoodjump=1;X=59;Y=52;Z=2'>JMP</a>)
[17:36:16]ADMIN: Guap6512/(William Wilkerson) jumped to 55,51,2 in the Armory
[17:36:20]ADMIN: Guap6512/(William Wilkerson) healed / revived Guap6512/(William Wilkerson)
[17:36:24]ADMIN: Guap6512/(William Wilkerson) teleported Jarlo/(Alexandria Fitzgerald)
[17:36:28]ADMIN: Guap6512/(William Wilkerson) jumped to 44,51,2 in the Security Lobby
[17:36:31]SAY: William Wilkerson/Guap6512 : Хуй соси.
[17:36:37]SAY: William Wilkerson/Guap6512 : Кстати.
[17:36:37]ATTACK: William Wilkerson (guap6512) was hit by a thrown the stun baton, last touched by Alexandria Fitzgerald (jarlo) (<A HREF='?_src_=holder;adminplayerobservecoodjump=1;X=48;Y=51;Z=2'>JMP</a>)
[17:36:41]SAY: William Wilkerson/Guap6512 : Ща тебе покажу фичу.
[17:36:52]ADMIN: Guap6512/(William Wilkerson) spawned /mob/living/carbon/human at (49,51,2)
[17:36:58]OOC: Malachi Jowers/DarkAbbath : А вот кабинет детектива мне нравилс&#255; с видом на космос
[17:37:17]ATTACK: Alexandria Fitzgerald (jarlo) has thrown unknown () from <font color='#6b5d00'>tile at 50, 53, 2 in area Administrative Block Hallway</font> with the target <font color='#6b4400'>tile at 54, 51, 2 in area Administrative Block Hallway</font> (<A HREF='?_src_=holder;adminplayerobservecoodjump=1;X=50;Y=53;Z=2'>JMP</a>)
[17:37:33]OOC: William Wilkerson/Guap6512 : Это - лунный.
[17:37:36]ATTACK: <font color='red'>Alexandria Fitzgerald (jarlo) grabbed the neck of unknown ()</font>
[17:37:57]SAY: William Wilkerson/Guap6512 : Ты где?
[17:38:01]ATTACK: Alexandria Fitzgerald (jarlo) has thrown unknown () from <font color='#6b5d00'>tile at 51, 51, 2 in area Administrative Block Hallway</font> with the target <font color='#6b4400'>tile at 47, 52, 2 in area Administrative Block Hallway</font> (<A HREF='?_src_=holder;adminplayerobservecoodjump=1;X=51;Y=51;Z=2'>JMP</a>)
[17:38:06]SAY: Alexandria Fitzgerald/Jarlo : НИ РАБОТАЕТ
[17:38:15]OOC: Malachi Jowers/DarkAbbath : Старый-добрый спрайт Егана
[17:38:17]ATTACK: William Wilkerson (guap6512) has thrown unknown () from <font color='#6b5d00'>tile at 49, 51, 2 in area Administrative Block Hallway</font> with the target <font color='#6b4400'>tile at 51, 51, 2 in area Administrative Block Hallway</font> (<A HREF='?_src_=holder;adminplayerobservecoodjump=1;X=49;Y=51;Z=2'>JMP</a>)
[17:38:17]SAY: Alexandria Fitzgerald/Jarlo : ПРЯТКИ ЗА ФЭЙКОЧЕЛОВЕКОМ
[17:38:19]SAY: Alexandria Fitzgerald/Jarlo : АЧИВМЕНТ
[17:38:20]ACCESS: Failed Login: Guest-184524799 - Guests not allowed
[17:38:23]SAY: William Wilkerson/Guap6512 : Говно какоето.
[17:38:28]SAY: William Wilkerson/Guap6512 : Не работает тхров.
[17:38:29]ACCESS: Login: BlackMesa12/(BlackMesa12) from 83.69.14.240-3389147087 || BYOND v504
[17:38:33]SAY: William Wilkerson/Guap6512 : Ну, ломающий кости.
[17:38:35]ATTACK: <font color='red'>William Wilkerson (guap6512) grabbed the neck of unknown ()</font>
[17:38:37]ATTACK: William Wilkerson (guap6512) has thrown unknown () from <font color='#6b5d00'>tile at 49, 51, 2 in area Administrative Block Hallway</font> with the target <font color='#6b4400'>tile at 52, 51, 2 in area Administrative Block Hallway</font> (<A HREF='?_src_=holder;adminplayerobservecoodjump=1;X=49;Y=51;Z=2'>JMP</a>)
[17:38:45]ADMIN: Guap6512/(William Wilkerson) created a /obj/item/weapon/kitchenknife/ritual
[17:38:53]SAY: William Wilkerson/Guap6512 : Берешь.
[17:38:58]SAY: William Wilkerson/Guap6512 : И бьешь пидора в грудь.
[17:38:59]EMOTE: Yan Rayall/Yachuk : <B>Yan Rayall</B> snores.
[17:39:05]SAY: William Wilkerson/Guap6512 : Ща дамаг больше сделаю, дай.
[17:39:08]SAY: William Wilkerson/Guap6512 : Выкинь.
[17:39:11]SAY: William Wilkerson/Guap6512 : А то не сработает.
[17:39:14]ATTACK: William Wilkerson (guap6512) was hit by a thrown the ritual knife, last touched by Alexandria Fitzgerald (jarlo) (<A HREF='?_src_=holder;adminplayerobservecoodjump=1;X=49;Y=52;Z=2'>JMP</a>)
[17:39:20]ACCESS: Login: Yachuk/(Yan Rayall) from 93.75.94.98-2168244159 || BYOND v503
[17:39:21]OOC: William Wilkerson/Guap6512 : Your armor has protected your r_arm.
[17:39:23]OOC: William Wilkerson/Guap6512 : ГОВНО
[17:39:37]ADMIN: Guap6512/(William Wilkerson) modified ritual knife's force to 50
[17:39:38]OOC: Alexandria Fitzgerald/Jarlo : Your armor has protected your mom.
[17:39:42]SAY: William Wilkerson/Guap6512 : Бери
[17:39:45]OOC: Malachi Jowers/DarkAbbath : А астероид тут стандартный?
[17:39:46]SAY: William Wilkerson/Guap6512 : И бей пидора в грудь.
[17:39:49]ATTACK: <font color='red'>Alexandria Fitzgerald (jarlo) attacked William Wilkerson (guap6512) with ritual knife (INTENT: GRAB) (DAMTYE: BRUTE)</font>
[17:39:50]OOC: William Wilkerson/Guap6512 : Не совсем.
[17:39:50]SAY: Alexandria Fitzgerald/Jarlo : ОК
[17:40:04]SAY: William Wilkerson/Guap6512 : Сука
[17:40:05]ATTACK: <font color='red'>Alexandria Fitzgerald (jarlo) attacked unknown () with ritual knife (INTENT: GRAB) (DAMTYE: BRUTE)</font>
[17:40:05]EMOTE: unknown/ : <B>The unknown</B> screams!
[17:40:06]ATTACK: <font color='red'>Alexandria Fitzgerald (jarlo) attacked unknown () with ritual knife (INTENT: GRAB) (DAMTYE: BRUTE)</font>
[17:40:06]EMOTE: unknown/ : <B>The unknown</B> screams!
[17:40:07]SAY: William Wilkerson/Guap6512 : Бей голого.
[17:40:11]SAY: William Wilkerson/Guap6512 : Долго.
[17:40:12]ATTACK: <font color='red'>Alexandria Fitzgerald (jarlo) attacked unknown () with ritual knife (INTENT: GRAB) (DAMTYE: BRUTE)</font>
[17:40:12]EMOTE: unknown/ : <B>The unknown</B> screams!
[17:40:13]EMOTE: unknown/ : <B>The unknown</B> screams!
[17:40:16]SAY: William Wilkerson/Guap6512 : Я запилил такую хуйню.
[17:40:16]ACCESS: Login: Buddey/(Buddey) from 37.79.108.104-432256657 || BYOND v501
[17:40:24]SAY: William Wilkerson/Guap6512 : Шанс на проникающий удар, который похерит органы.
[17:40:35]SAY: William Wilkerson/Guap6512 : Пизди-пизди-пизди-пизди.
[17:40:41]SAY: Alexandria Fitzgerald/Jarlo : ЗАСТРЯЛ
[17:40:43]SAY: Alexandria Fitzgerald/Jarlo : ВНУТРИ
[17:40:47]EMOTE: unknown/ : <B>The unknown</B> screams!
[17:40:49]ACCESS: Login: BobaFett2/(BobaFett2) from 95.24.11.202-1171569779 || BYOND v504
[17:40:52]EMOTE: unknown/ : <B>The unknown</B> gasps!
[17:40:56]SAY: William Wilkerson/Guap6512 : Ща достану.
[17:40:56]EMOTE: unknown/ : <B>The unknown</B> gasps!
[17:40:56]OOC: Buddey/Buddey : Повииииидлоооооу
[17:41:10]SAY: William Wilkerson/Guap6512 : У бейцев доставание вещей было сломано доху&#255;.
[17:41:13]SAY: William Wilkerson/Guap6512 : Я немного улучшил.
[17:41:17]SAY: William Wilkerson/Guap6512 : Но всё равно говно.
[17:41:18]ATTACK: <font color='red'>William Wilkerson (guap6512) attacked unknown () with ritual knife (INTENT: GRAB) (DAMTYE: BRUTE)</font>
[17:41:20]EMOTE: unknown/ : <B>The unknown</B> screams!
[17:41:20]EMOTE: unknown/ : <B>The unknown</B> seizes up and falls limp, his eyes dead and lifeless...
[17:41:22]OOC: Malachi Jowers/DarkAbbath : А шаттла дл&#255; шахтеров нет?
[17:41:22]ATTACK: <font color='red'>William Wilkerson (guap6512) attacked unknown () with ritual knife (INTENT: GRAB) (DAMTYE: BRUTE)</font>
[17:41:24]ATTACK: <font color='red'>William Wilkerson (guap6512) attacked unknown () with ritual knife (INTENT: GRAB) (DAMTYE: BRUTE)</font>
[17:41:24]ACCESS: Logout: BlackMesa12/(BlackMesa12)
[17:41:30]SAY: William Wilkerson/Guap6512 : Сука, оп&#255;ть застр&#255;л.
[17:41:31]OOC: William Wilkerson/Guap6512 : Есть.
[17:41:32]ACCESS: Logout: BobaFett2/(BobaFett2)
[17:41:36]OOC: William Wilkerson/Guap6512 : Около КМ-ской, справа.
[17:41:41]ATTACK: <font color='red'>Alexandria Fitzgerald (jarlo) attacked Unknown () with ritual knife (INTENT: GRAB) (DAMTYE: BRUTE)</font>
[17:41:44]ATTACK: <font color='red'>Alexandria Fitzgerald (jarlo) attacked Unknown () with ritual knife (INTENT: GRAB) (DAMTYE: BRUTE)</font>
[17:41:44]SAY: William Wilkerson/Guap6512 : В грудь пизди
[17:41:45]ATTACK: <font color='red'>Alexandria Fitzgerald (jarlo) attacked Unknown () with ritual knife (INTENT: GRAB) (DAMTYE: BRUTE)</font>
[17:41:46]ATTACK: <font color='red'>Alexandria Fitzgerald (jarlo) attacked Unknown () with ritual knife (INTENT: GRAB) (DAMTYE: BRUTE)</font>
[17:41:47]ATTACK: <font color='red'>Alexandria Fitzgerald (jarlo) attacked Unknown () with ritual knife (INTENT: GRAB) (DAMTYE: BRUTE)</font>
[17:41:48]ATTACK: <font color='red'>Alexandria Fitzgerald (jarlo) attacked Unknown () with ritual knife (INTENT: GRAB) (DAMTYE: BRUTE)</font>
[17:42:02]ATTACK: <font color='red'>Alexandria Fitzgerald (jarlo) attacked Unknown () with ritual knife (INTENT: GRAB) (DAMTYE: BRUTE)</font>
[17:42:03]ATTACK: <font color='red'>Alexandria Fitzgerald (jarlo) attacked Unknown () with ritual knife (INTENT: GRAB) (DAMTYE: BRUTE)</font>
[17:42:04]ACCESS: Logout: Buddey/(Buddey)
[17:42:05]ATTACK: <font color='red'>Alexandria Fitzgerald (jarlo) attacked Unknown () with ritual knife (INTENT: GRAB) (DAMTYE: BRUTE)</font>
[17:42:07]ATTACK: <font color='red'>Alexandria Fitzgerald (jarlo) attacked Unknown () with ritual knife (INTENT: GRAB) (DAMTYE: BRUTE)</font>
[17:42:08]ATTACK: <font color='red'>Alexandria Fitzgerald (jarlo) attacked Unknown () with ritual knife (INTENT: GRAB) (DAMTYE: BRUTE)</font>
[17:42:10]ATTACK: <font color='red'>Alexandria Fitzgerald (jarlo) attacked Unknown () with ritual knife (INTENT: GRAB) (DAMTYE: BRUTE)</font>
[17:42:13]SAY: William Wilkerson/Guap6512 : Ниху&#255;?
[17:42:16]SAY: William Wilkerson/Guap6512 : Сейчас.
[17:42:16]ACCESS: Login: BobaFett2/(BobaFett2) from 95.24.11.202-1171569779 || BYOND v504
[17:42:17]SAY: Alexandria Fitzgerald/Jarlo : Ни
[17:42:19]SAY: Experiment 97d/ : Eh?
[17:42:19]SAY: William Wilkerson/Guap6512 : Выкинь.
[17:42:26]ACCESS: Login: Buddey/(Buddey) from 37.79.108.104-432256657 || BYOND v501
[17:42:32]ATTACK: William Wilkerson (guap6512) was hit by a thrown the unknown's head, last touched by Alexandria Fitzgerald (jarlo) (<A HREF='?_src_=holder;adminplayerobservecoodjump=1;X=52;Y=52;Z=2'>JMP</a>)
[17:42:33]ADMIN: Guap6512/(William Wilkerson) modified ritual knife's force to 200
[17:42:39]SAY: William Wilkerson/Guap6512 : ADMIN LOG: Guap6512/(William Wilkerson) modified ritual knife&#39;s force to 200
[17:42:44]ATTACK: <font color='red'>William Wilkerson (guap6512) attacked Unknown () with ritual knife (INTENT: GRAB) (DAMTYE: BRUTE)</font>
[17:42:45]ATTACK: <font color='red'>William Wilkerson (guap6512) attacked Unknown () with ritual knife (INTENT: GRAB) (DAMTYE: BRUTE)</font>
[17:43:01]ATTACK: <font color='red'>William Wilkerson (guap6512) attacked Unknown () with ritual knife (INTENT: GRAB) (DAMTYE: BRUTE)</font>
[17:43:02]ATTACK: <font color='red'>William Wilkerson (guap6512) attacked Unknown () with ritual knife (INTENT: GRAB) (DAMTYE: BRUTE)</font>
[17:43:07]SAY: William Wilkerson/Guap6512 : Сука
[17:43:09]SAY: William Wilkerson/Guap6512 : Да что за хуйн&#255;?
[17:43:14]SAY: William Wilkerson/Guap6512 : Неделю назад тестили
[17:43:17]SAY: William Wilkerson/Guap6512 : Работало всё.
[17:43:29]SAY: William Wilkerson/Guap6512 : Высвечиваетс&#255; другое сообщение и дамаг идет на один из органов.
[17:43:53]ATTACK: <font color='red'>William Wilkerson (guap6512) attacked Unknown () with ritual knife (INTENT: GRAB) (DAMTYE: BRUTE)</font>
[17:43:54]ATTACK: <font color='red'>William Wilkerson (guap6512) attacked Unknown () with ritual knife (INTENT: GRAB) (DAMTYE: BRUTE)</font>
[17:44:15]OOC: Malachi Jowers/DarkAbbath : Шахтерка-то стандартна, а вот астероид
[17:44:23]OOC: Yan Rayall/Yachuk : РнД и токсины здесь восхитительные, лучше чем на Луне!
[17:44:23]OOC: Buddey/Buddey : Ngineer
[17:44:40]ACCESS: Logout: *no key*/(Buddey)
[17:44:40]ACCESS: Login: Buddey/(Esther Greenwood) from 37.79.108.104-432256657 || BYOND v501
[17:44:40]OOC: William Wilkerson/Guap6512 : Лол
[17:44:52]OOC: William Wilkerson/Guap6512 : Yachuk, ты ж их сам мне сделал.
[17:45:00]OOC: Malachi Jowers/DarkAbbath : Все-таки стоит предложить ее на Балки
[17:45:02]ACCESS: Logout: BobaFett2/(BobaFett2)
[17:45:08]OOC: Yan Rayall/Yachuk : Сам не похвалишь - никто не похвалит
[17:45:34]OOC: Yan Rayall/Yachuk : Кстати, Гуап, молодец, великую работу проделал
[17:45:51]OOC: William Wilkerson/Guap6512 : Ладно.
[17:45:59]OOC: William Wilkerson/Guap6512 : Я пойду, сервер не вырубаю.
[17:46:10]OOC: Esther Greenwood/Buddey : ПДА, что с ним? Модный интерфейс какой-то.
[17:46:22]OOC: Malachi Jowers/DarkAbbath : Беепроделки
[17:47:11]ACCESS: Login: StepFan/(StepFan) from 95.139.226.27-1427986316 || BYOND v504
[17:48:32]OOC: Esther Greenwood/Buddey : Блджат, почему &#255; не могу протиснутьс&#255; в шлюзы, ведущие в РнД?
[17:48:57]SAY: Experiment 97d/ : Eh?
[17:49:03]ACCESS: Logout: DarkAbbath/(Malachi Jowers)
[17:49:13]OOC: William Wilkerson/Guap6512 : Что?
[17:49:20]ADMIN: Guap6512/(William Wilkerson) jumped to Buddey/(Esther Greenwood)
[17:49:24]SAY: William Wilkerson/Guap6512 : Где?
[17:49:41]SAY: Esther Greenwood/Buddey : Я не влезаю!
[17:49:47]ADMIN: Guap6512/(William Wilkerson) jumped to 56,61,3 in Laboratories Security Checkpoint
[17:49:51]SAY: William Wilkerson/Guap6512 : Стой там.
[17:50:02]SAY: William Wilkerson/Guap6512 : Теперь?
[17:50:03]SAY: Esther Greenwood/Buddey : Ну охуеть
[17:50:14]ADMIN: Guap6512/(William Wilkerson) jumped to 64,65,3 in Laboratories Security Checkpoint
[17:50:15]SAY: William Wilkerson/Guap6512 : Пофикшу
[17:50:19]SAY: William Wilkerson/Guap6512 : Свет!
[17:50:27]ADMIN: Guap6512/(William Wilkerson) made all areas powered
[17:50:28]ADMIN: Guap6512/(William Wilkerson) used secret power
[17:50:36]ADMIN: Guap6512/(William Wilkerson) jumped to 68,61,3 in the Research and Development
[17:50:41]OOC: Esther Greenwood/Buddey : Атмос тут какой?
[17:50:42]ACCESS: Login: PARAZlT/(PARAZlT) from 83.149.8.150-1307448617 || BYOND v503
[17:50:42]ADMIN: Guap6512/(William Wilkerson) jumped to 70,54,3 in the Toxins Mixing Room
[17:50:51]OOC: William Wilkerson/Guap6512 : Отсек?
[17:51:02]OOC: Esther Greenwood/Buddey : Атмошверка. Ниповзрывать?
[17:51:08]OOC: William Wilkerson/Guap6512 : Повзрывать.
[17:51:18]ATTACK: <font color='red'>Alexandria Fitzgerald (jarlo) grabbed the neck of Unknown ()</font>
[17:51:19]OOC: Relativist/Relativist : Отвинти трубы и проверь, симулируетс&#255; или нет.
[17:51:40]ATTACK: <font color='red'>Alexandria Fitzgerald (jarlo) grabbed the neck of Unknown ()</font>
[17:51:40]ACCESS: Logout: *no key*/(Relativist)
[17:51:40]ACCESS: Login: Relativist/(Max Schulz) from 93.81.69.252-3354801186 || BYOND v504
[17:51:51]ATTACK: <font color='red'>Alexandria Fitzgerald (jarlo) grabbed the neck of Unknown ()</font>
[17:52:08]OOC: Max Schulz/Relativist : Нет анноунса о прибытии или просто прибавающие его не вид&#255;т?
[17:52:35]OOC: PARAZlT/PARAZlT : E dfc dbcbn&amp;
[17:52:39]OOC: William Wilkerson/Guap6512 : Похуилс&#255;, походу.
[17:52:41]ACCESS: Login: MyLittleLoly/(MyLittleLoly) from 188.231.184.24-4048235424 || BYOND v506
[17:52:49]OOC: Max Schulz/Relativist : Вай, и Паразит набежал.
[17:53:10]OOC: Esther Greenwood/Buddey : Опасные шлюзы в токсинах, в тестовую камеру сжигани&#255;
[17:53:15]ACCESS: Logout: MyLittleLoly/(MyLittleLoly)
[17:53:21]OOC: William Wilkerson/Guap6512 : Лооол
[17:53:24]OOC: PARAZlT/PARAZlT : У вас висит?
[17:53:31]SAY: Max Schulz/Relativist : У всех висит.
[17:53:33]OOC: William Wilkerson/Guap6512 : Нет, вроде.
[17:53:34]OOC: William Wilkerson/Guap6512 : http://puu.sh/7swyc.jpg
[17:53:42]OOC: William Wilkerson/Guap6512 : У теб&#255; прогружаетс&#255; всё, просто.
[17:53:44]OOC: Max Schulz/Relativist : У всех тормозит при заходе.
[17:53:49]SAY: Esther Greenwood/Buddey : Дерп
[17:53:53]SAY: Esther Greenwood/Buddey : Дёрп-дерп
[17:53:58]SAY: Max Schulz/Relativist : На судне есть уборщик?
[17:54:11]SAY: Max Schulz/Relativist : Не мешало бы отмыть кровь в прибытии.
[17:54:30]OOC: Max Schulz/Relativist : Баллоны и маски так и не убрал.
[17:54:33]SAY: Esther Greenwood/Buddey : А где игнитеры?
[17:54:35]ADMIN: Guap6512/(William Wilkerson) jumped to 74,46,3 in the Toxins Mixing Room
[17:54:43]ADMIN: Guap6512/(William Wilkerson) jumped to 72,48,3 in the Toxins Mixing Room
[17:54:48]ADMIN: Guap6512/(William Wilkerson) jumped to 70,49,3 in the Toxins Mixing Room
[17:54:54]SAY: William Wilkerson/Guap6512 : Тут кнопка.
[17:55:03]SAY: Esther Greenwood/Buddey : Окай
[17:55:07]OOC: William Wilkerson/Guap6512 : Где?
[17:55:10]OOC: William Wilkerson/Guap6512 : Какие?
[17:55:13]OOC: William Wilkerson/Guap6512 : Я и забыл уже.
[17:55:13]ACCESS: Logout: Jarlo/(Alexandria Fitzgerald)
[17:55:16]SAY: Esther Greenwood/Buddey : О боже!
[17:55:21]SAY: Esther Greenwood/Buddey : Оно само загорелось!
[17:55:23]OOC: Max Schulz/Relativist : В коробке в рюкзаке.
[17:55:24]SAY: William Wilkerson/Guap6512 : Нет.
[17:55:27]OOC: Esther Greenwood/Buddey : Газы сами загораютс&#255;
[17:55:28]SAY: William Wilkerson/Guap6512 : Я кнопку раз 5 тыкал.
[17:55:30]SAY: Esther Greenwood/Buddey : А
[17:55:32]OOC: William Wilkerson/Guap6512 : Да не.
[17:55:35]OOC: William Wilkerson/Guap6512 : Я кнопку ткнул.
[17:55:35]EMOTE: Alexandria Fitzgerald/Jarlo : <B>Alexandria Fitzgerald</B> snores.
[17:56:00]OOC: PARAZlT/PARAZlT : Сколько весит полный пакет?
[17:56:05]OOC: Max Schulz/Relativist : РД не имеет доступа в медбей. FIX DAT SHIT!
[17:56:18]OOC: William Wilkerson/Guap6512 : 38
[17:56:20]SAY: Yan Rayall/Yachuk : Эй
[17:56:22]SAY: Yan Rayall/Yachuk : Там
[17:56:26]SAY: Yan Rayall/Yachuk : Я есть хочу!
[17:56:36]OOC: William Wilkerson/Guap6512 : Рел, &#255; ж, вроде, дал РД меддоступ.
[17:56:40]ADMIN: Guap6512/(William Wilkerson) jumped to 65,58,3 in Research Hallway
[17:56:47]SAY: Yan Rayall/Yachuk : Эй
[17:56:49]SAY: Yan Rayall/Yachuk : Покушать есть?
[17:56:50]SAY: William Wilkerson/Guap6512 : Чо тебе?
[17:56:52]SAY: William Wilkerson/Guap6512 : Нету
[17:56:55]SAY: William Wilkerson/Guap6512 : Идем, раздобудем.
[17:56:55]EMOTE: Alexandria Fitzgerald/Jarlo : <B>Alexandria Fitzgerald</B> snores.
[17:57:00]SAY: Yan Rayall/Yachuk : Я сам
[17:57:00]ADMIN: Guap6512/(William Wilkerson) deleted Laboratories Access at (64,64,3)
[17:57:06]SAY: Yan Rayall/Yachuk : Приготовлю исскуственное м&#255;со
[17:57:07]ADMIN: Guap6512/(William Wilkerson) deleted Laboratories Access at (56,64,3)
[17:57:13]OOC: PARAZlT/PARAZlT : Печаль
[17:57:21]OOC: Max Schulz/Relativist : Провода говном остались.
[17:57:47]OOC: William Wilkerson/Guap6512 : Ну, стали немного лучше.
[17:57:48]EMOTE: Alexandria Fitzgerald/Jarlo : <B>Alexandria Fitzgerald</B> snores.
[17:58:07]OOC: Max Schulz/Relativist : Не, есть доступ. Норм.
[17:58:23]ACCESS: Logout: StepFan/(StepFan)
[17:58:34]ADMIN: Guap6512/(William Wilkerson) jumped to 55,95,4 in the Cargo Bay
[17:58:39]ADMIN: Guap6512/(William Wilkerson) jumped to 57,101,4 in Sub Deck Fore Starboard Maintenance
[17:58:39]SAY: Max Schulz/Relativist : СЕ, ты там уснул? Медбей обесточен.
[17:58:46]ADMIN: Guap6512/(William Wilkerson) jumped to 66,102,4 in the Mining Shuttle
[17:58:53]OOC: William Wilkerson/Guap6512 : Сука
[17:59:00]OOC: William Wilkerson/Guap6512 : Забыл потолок над майнинг шаттлом.
[17:59:13]GAME: <a href='?priv_msg=[0x5000004]'>Buddey</a>/(Esther Greenwood) attached a the remote signaling device to a transfer valve.
[17:59:59]SAY: Max Schulz/Relativist : Эстер Гринвуд, чем ты сейчас зан&#255;т?
[18:00:26]SAY: Esther Greenwood/Buddey : Я делаю все во благо корпорации, мой фюррер!
[18:00:27]SAY: Max Schulz/Relativist : Малахи Джоуерс, теб&#255; вопрос также касаетс&#255;.
[18:00:32]SAY: Esther Greenwood/Buddey : Раз
[18:00:34]SAY: Esther Greenwood/Buddey : Раз
[18:00:35]ACCESS: Logout: Burakh/(Burakh)
[18:00:53]EMOTE: William Wilkerson/Guap6512 : <B>William Wilkerson</B> coughs up blood!
[18:00:53]SAY: Esther Greenwood/Buddey : Я делаю все во благо корпорации, мой фюррер!
[18:01:02]SAY: Esther Greenwood/Buddey : Я делаю все во благо корпорации, мой фюррер!
[18:01:07]EMOTE: William Wilkerson/Guap6512 : <B>William Wilkerson</B> coughs up blood!
[18:01:13]SAY: Max Schulz/Relativist : Что именно ты делаешь?
[18:01:25]SAY: Max Schulz/Relativist : И кто двери в научный отсек не закрыл?
[18:01:35]SAY: Esther Greenwood/Buddey : Сейчас &#255; попробую превратить второй этаж нашего РнД в дым&#255;щиес&#255; руины!
[18:01:40]ADMIN: Guap6512/(William Wilkerson) jumped to 67,47,1 in Space
[18:01:42]EMOTE: William Wilkerson/Guap6512 : <B>William Wilkerson</B> coughs up blood!
[18:01:43]DEBUG: Firing random event. #Engineer:1 #Medical:0 #Security:0 #Scientist:2 #AI:0 #Cyborg:0 #Janitor:0 #Botanist:0 ||| /datum/event/economic_event:300/datum/event/trivial_news:400/datum/event/mundane_news:300/datum/event/pda_spam:200/datum/event/money_lotto:50/datum/event/carp_migration:30/datum/event/brand_intelligence:20/datum/event/rogue_drone:30/datum/event/infestation:100/datum/event/communications_blackout:100/datum/event/ionstorm:20/datum/event/grid_check:35/datum/event/electrical_storm:5/datum/event/wallrot:30/datum/event/spacevine:15/datum/event/meteor_wave:10/datum/event/meteor_shower:20/datum/event/blob:20/datum/event/viral_infection:25/datum/event/prison_break:1|||Picked:/datum/event/trivial_news
[18:01:43]DEBUG: Next event in 24.756 minutes.
[18:01:44]EMOTE: William Wilkerson/Guap6512 : <B>William Wilkerson</B> gasps for air!
[18:01:45]ADMIN: Guap6512/(William Wilkerson) jumped to 66,47,1 in Space
[18:02:03]ADMIN: Guap6512/(William Wilkerson) jumped to 67,51,1 in Space
[18:02:04]OOC: Max Schulz/Relativist : У теб&#255; тут дверок не хватает.
[18:02:07]ADMIN: Guap6512/(William Wilkerson) healed / revived Guap6512/(William Wilkerson)
[18:02:08]OOC: Esther Greenwood/Buddey : Отдел телепортов же не нужен, да?
[18:02:11]ACCESS: Logout: *no key*/(William Wilkerson)
[18:02:11]ACCESS: Login: Guap6512/(William Wilkerson) from 127.0.0.1-1851605342 || BYOND v503
[18:02:22]SAY: Max Schulz/Relativist : Какую именно его часть?
[18:02:23]GAME: Bomb valve opened in <A HREF='?_src_=holder;adminplayerobservecoodjump=1;X=68;Y=81;Z=2'>Telescience Lab</a> with the remote signaling device attacher: Esther Greenwood(buddey)(<A HREF='?_src_=holder;adminmoreinfo=[0x300001c]'>?</A>) Last touched by: Buddey(<A HREF='?_src_=holder;adminmoreinfo=[0x300001c]'>?</A>)
[18:02:35]OOC: William Wilkerson/Guap6512 : Где двери?
[18:02:39]ADMIN: HELP: Yachuk/(Yan Rayall): Смешиваю криоксадон с кровью, но не получаю м&#255;со - heard by 1 non-AFK admins.
[18:02:40]OOC: William Wilkerson/Guap6512 : Телепортер есть.
[18:02:43]SAY: Esther Greenwood/Buddey : Все равно не сработало
[18:02:46]OOC: William Wilkerson/Guap6512 : Телесайнс тоже.
[18:02:51]ADMIN: Guap6512/(William Wilkerson) jumped to Yachuk/(Yan Rayall)
[18:02:52]EMOTE: Alexandria Fitzgerald/Jarlo : <B>Alexandria Fitzgerald</B> snores.
[18:02:58]ADMIN: PM: Guap6512/(William Wilkerson)->Yachuk/(Yan Rayall): Что?
[18:03:00]OOC: Max Schulz/Relativist : Р&#255;дом со мной двери. Должны были быть. Но их нет.
[18:03:06]ADMIN: Guap6512/(William Wilkerson) jumped to Relativist/(Max Schulz)
[18:03:09]ADMIN: PM: Yachuk/(Yan Rayall)->Guap6512/(William Wilkerson): Снова не видно весь текст?
[18:03:10]OOC: William Wilkerson/Guap6512 : Удалил же.
[18:03:12]OOC: William Wilkerson/Guap6512 : Только что.
[18:03:24]OOC: Max Schulz/Relativist : Ну и щитспавнер.
[18:03:30]OOC: William Wilkerson/Guap6512 : Так получилось.
[18:03:34]ADMIN: PM: Guap6512/(William Wilkerson)->Yachuk/(Yan Rayall): Да.
[18:03:43]SAY: Max Schulz/Relativist : Не взрывай научные лаборатории. Есть дормитории.
[18:03:49]OOC: Yan Rayall/Yachuk : Смешиваю криоксадон с кровью, но не получаю м&#255;со
[18:03:53]SAY: Esther Greenwood/Buddey : Есть, мой фюррер!
[18:04:06]EMOTE: William Wilkerson/@Guap6512 : <B>William Wilkerson</B> gasps!
[18:04:08]ACCESS: Logout: PARAZlT/(PARAZlT)
[18:04:10]EMOTE: William Wilkerson/@Guap6512 : <B>William Wilkerson</B> gasps!
[18:04:15]EMOTE: William Wilkerson/@Guap6512 : <B>William Wilkerson</B> gasps!
[18:04:16]SAY: Max Schulz/Relativist : Чем зан&#255;т?
[18:04:23]SAY: Yan Rayall/Yachuk : Готовлю м&#255;со
[18:04:34]ACCESS: Login: X0MRk/(X0MRk) from 2.61.135.19-184524799 || BYOND v501
[18:04:37]SAY: Max Schulz/Relativist : Это не ты шлюзы выкрутил?
[18:04:51]ACCESS: Login: PARAZlT/(PARAZlT) from 83.149.8.150-1307448617 || BYOND v503
[18:04:54]SAY: Yan Rayall/Yachuk : Конечно же &#255;, чем ещё может зан&#255;тьс&#255; химик. кроме как выкручивани&#255; шлюзов
[18:05:20]SAY: Max Schulz/Relativist : Ну хер теб&#255; знает. На вид ты не сильно-то и зан&#255;т.
[18:05:28]SAY: Max Schulz/Relativist : Роботехника видел?
[18:05:31]ACCESS: Logout: *no key*/(William Wilkerson)
[18:05:31]ACCESS: Login: Guap6512/(William Wilkerson) from 127.0.0.1-1851605342 || BYOND v503
[18:05:37]SAY: Yan Rayall/Yachuk : Нет
[18:05:39]ADMIN: Guap6512/(William Wilkerson) jumped to Relativist/(Max Schulz)
[18:05:48]ADMIN: Guap6512/(William Wilkerson) healed / revived Guap6512/(William Wilkerson)
[18:05:53]SAY: William Wilkerson/Guap6512 : Простите.
[18:05:55]SAY: Max Schulz/Relativist : Какого?
[18:05:59]SAY: William Wilkerson/Guap6512 : Я...
[18:06:03]SAY: William Wilkerson/Guap6512 : Провалилс&#255; в дыру, да.
[18:06:10]SAY: Max Schulz/Relativist : А свет где?
[18:06:14]SAY: William Wilkerson/Guap6512 : Робототехник ваш дрыхнет на входе в бриг.
[18:06:20]SAY: William Wilkerson/Guap6512 : Свет...
[18:06:24]SAY: William Wilkerson/Guap6512 : Свет сейчас будет.
[18:06:24]EMOTE: Alexandria Fitzgerald/Jarlo : <B>Alexandria Fitzgerald</B> snores.
[18:06:35]ATTACK: Yan Rayall (yachuk) splashed Yan Rayall (Yachuk) with large beaker. Reagents: Cryoxadone and Blood (INTENT: HELP) (<A HREF='?_src_=holder;adminplayerobservecoodjump=1;X=65;Y=68;Z=3'>JMP</a>)
[18:06:38]WHISPER: William Wilkerson/Guap6512 : если мне удастсврубить этот двигатель...
[18:06:43]SAY: Max Schulz/Relativist : Ну да, СЕ ну никак не может обойтись без бронежилета.
[18:06:51]SAY: William Wilkerson/Guap6512 : Совсем забыл про него.
[18:06:56]SAY: Max Schulz/Relativist : А то.
[18:07:01]SAY: Max Schulz/Relativist : Он же такой незаметный.
[18:07:12]OOC: Esther Greenwood/Buddey : Превышен уровень повидла
[18:07:17]ACCESS: Logout: Buddey/(Esther Greenwood)
[18:07:22]ACCESS: Login: Near_bird/(Near_bird) from 147.30.21.36-2300738063 || BYOND v504
[18:07:41]OOC: William Wilkerson/Guap6512 : Ну что вы хотите от домашнего ПеКа?
[18:07:42]ACCESS: Login: Madmannobrain/(Madmannobrain) from 176.36.231.44-4107007914 || BYOND v504
[18:07:43]OOC: X0MRk/X0MRk : Мыши плакали, кололись, но продолжали жрать кактус.
[18:07:46]ACCESS: Login: Buddey/(Esther Greenwood) from 37.79.108.104-432256657 || BYOND v501
[18:07:57]OOC: Max Schulz/Relativist : Кому-то же норм.
[18:08:01]OOC: X0MRk/X0MRk : Не в домашнем ПК дело. Скорее в интернет канале.
[18:08:10]OOC: Max Schulz/Relativist : Есть шанс, что на балке сто&#255;ть будет.
[18:08:28]OOC: X0MRk/X0MRk : Ай.. Там тест юнитовское стоит
[18:08:36]GAME: Bomb valve opened in <A HREF='?_src_=holder;adminplayerobservecoodjump=1;X=61;Y=43;Z=3'>Toxins Storage</a> with the remote signaling device attacher: Esther Greenwood(buddey)(<A HREF='?_src_=holder;adminmoreinfo=[0x300001c]'>?</A>) Last touched by: Buddey(<A HREF='?_src_=holder;adminmoreinfo=[0x300001c]'>?</A>)
[18:08:50]OOC: X0MRk/X0MRk : Да и взвоют господа балковцы от карты луны.
[18:08:53]SAY: Max Schulz/Relativist : Брон&#255; крайне нетехнологична.
[18:08:54]SAY: Yan Rayall/Yachuk : Риот?
[18:09:00]SAY: Yan Rayall/Yachuk : Отдайте мне
[18:09:03]GAME: Bomb valve opened in <A HREF='?_src_=holder;adminplayerobservecoodjump=1;X=61;Y=46;Z=3'>Toxins Storage</a> with the remote signaling device attacher: Esther Greenwood(buddey)(<A HREF='?_src_=holder;adminmoreinfo=[0x300001c]'>?</A>) Last touched by: Buddey(<A HREF='?_src_=holder;adminmoreinfo=[0x300001c]'>?</A>)
[18:09:04]SAY: Yan Rayall/Yachuk : Мне пригодилось бы
[18:09:06]OOC: X0MRk/X0MRk : И да. По поводу вайто идиотов. 
[18:09:12]OOC: X0MRk/X0MRk : Есть мысль. Как можно решить эту проблему.
[18:09:13]SAY: Max Schulz/Relativist : Зачем это?
[18:09:18]SAY: Yan Rayall/Yachuk : Чтобы носить
[18:09:25]SAY: Max Schulz/Relativist : Умф.
[18:09:28]SAY: Max Schulz/Relativist : Ну да.
[18:09:32]ACCESS: Logout: *no key*/(Madmannobrain)
[18:09:32]ACCESS: Login: Madmannobrain/(John Davis) from 176.36.231.44-4107007914 || BYOND v504
[18:09:37]OOC: William Wilkerson/Guap6512 : Ну, мне юнит сказал узнать мнение игроков.
[18:09:39]OOC: William Wilkerson/Guap6512 : http://forum.ss13.ru/index.php?showtopic=9012
[18:09:40]SAY: Max Schulz/Relativist : Что же может быть лучше, чем разгуливать в бронекостюме?
[18:09:44]OOC: William Wilkerson/Guap6512 : OOC: X0MRk: Есть мысль. Как можно решить эту проблему.
[18:09:45]SAY: Yan Rayall/Yachuk : А то
[18:09:46]OOC: William Wilkerson/Guap6512 : Как же?
[18:09:53]ADMIN: Guap6512/(William Wilkerson) has turned stealth mode ON
[18:09:58]SAY: Max Schulz/Relativist : Он же такой легкий и удобный.
[18:10:07]SAY: Yan Rayall/Yachuk : Удобней не бывает
[18:10:09]EMOTE: Alexandria Fitzgerald/Jarlo : <B>Alexandria Fitzgerald</B> snores.
[18:10:12]SAY: Max Schulz/Relativist : И совсем не стесн&#255;ет движений.
[18:10:13]SAY: Yan Rayall/Yachuk : Я в таком словно парю
[18:10:22]SAY: Yan Rayall/Yachuk : Спорим, что вы мен&#255; не перегоните в таком
[18:10:58]SAY: Max Schulz/Relativist : Спорить еще с ним, ха.
[18:11:04]OOC: X0MRk/X0MRk : На базе модераторов ввести класс авторитетных пользователей, которые могут вли&#255;ть на кармочку игроков. Если  кармочка низка&#255;, то примен&#255;ютс&#255; санкции. Либо жопобаны на спецроли, оос и сб, либо еще лучше. На базе мартышек создать расу морлоков, поселить их в глубинах астероида и закидывать за них.
[18:11:07]EMOTE: Alexandria Fitzgerald/Jarlo : <B>Alexandria Fitzgerald</B> snores.
[18:11:11]EMOTE: Alexandria Fitzgerald/Jarlo : <B>Alexandria Fitzgerald</B> snores.
[18:11:19]GAME: Bomb valve opened in <A HREF='?_src_=holder;adminplayerobservecoodjump=1;X=59;Y=45;Z=3'>Toxins Storage</a> with the remote signaling device attacher: Esther Greenwood(buddey)(<A HREF='?_src_=holder;adminmoreinfo=[0x300001c]'>?</A>) Last touched by: Buddey(<A HREF='?_src_=holder;adminmoreinfo=[0x300001c]'>?</A>)
[18:11:33]OOC: Max Schulz/Relativist : Кто такие морлоки?
[18:11:35]OOC: William Wilkerson/Guap6512 : Хм.
[18:11:37]OOC: PARAZlT/PARAZlT : Ахаха!
[18:11:41]OOC: PARAZlT/PARAZlT : Ахаха!
[18:11:42]OOC: X0MRk/X0MRk : Это из рассказа машины времени.
[18:11:45]OOC: PARAZlT/PARAZlT : Ахаха!
[18:11:48]SAY: Yan Rayall/Yachuk : РД
[18:11:51]OOC: X0MRk/X0MRk : Низша&#255; раса.
[18:11:53]SAY: Yan Rayall/Yachuk : Спорим вы мен&#255; не перегоните
[18:11:58]SAY: Yan Rayall/Yachuk : Вы в халате, &#255; в риоте
[18:12:02]EMOTE: Alexandria Fitzgerald/Jarlo : <B>Alexandria Fitzgerald</B> snores.
[18:12:04]OOC: PARAZlT/PARAZlT : Я уже знаю, кто первым туда отправитс&#255;
[18:12:10]OOC: X0MRk/X0MRk : Кто же?
[18:12:14]SAY: Max Schulz/Relativist : Есть проблемы посерьезнее твоего исследовани&#255; возможностей гиперзина.
[18:12:14]SAY: Yan Rayall/Yachuk : Давайте же, немного азарта не помешает
[18:12:24]OOC: PARAZlT/PARAZlT : Morlok Tyler
[18:12:28]OOC: X0MRk/X0MRk : Фэ.
[18:12:32]SAY: Max Schulz/Relativist : Никто голову не тер&#255;л, случайно?
[18:12:32]OOC: X0MRk/X0MRk : Ну пр&#255;мо уж.
[18:12:38]OOC: X0MRk/X0MRk : Ну или если по желанию.
[18:12:38]EMOTE: Yan Rayall/Yachuk : <B>Yan Rayall</B> shivers.
[18:12:45]SAY: Max Schulz/Relativist : И есть ли СБ на судне?
[18:12:54]OOC: X0MRk/X0MRk : Оп&#255;ть же. Я же не зр&#255; сказал про &#34;Авторитетных пользователей&#34; только они смогут вли&#255;ть на карму.
[18:12:55]OOC: William Wilkerson/Guap6512 : Что-то немного похожее, вроде, было на грине.
[18:12:57]SAY: Yan Rayall/Yachuk : Ну так вы мне не отдаите риот?
[18:13:00]EMOTE: Yan Rayall/Yachuk : <B>Yan Rayall</B> twitches violently.
[18:13:04]SAY: Yan Rayall/Yachuk : Кхм, отдадите
[18:13:07]OOC: William Wilkerson/Guap6512 : Когда нонвайтлистовые шли на астероид.
[18:13:14]SAY: Esther Greenwood/Buddey : Зип
[18:13:16]SAY: Esther Greenwood/Buddey : Файль
[18:13:22]OOC: PARAZlT/PARAZlT : О БОЖИ МОЙ Я СМОГ ОТКЛЮЧИТЬ МУЗЫКУ В ЛОББИ
[18:13:23]OOC: X0MRk/X0MRk : Если больше 4-х авторитетных пользователей поставили минус - идут санкции.
[18:13:24]SAY: Max Schulz/Relativist : Что?
[18:13:28]ACCESS: Logout: Near_bird/(Near_bird)
[18:13:30]SAY: Max Schulz/Relativist : Откуда у теб&#255; там голова?
[18:13:35]OOC: PARAZlT/PARAZlT : Впили старую, кстати
[18:13:37]GAME: Emitter turned on by guap6512(William Wilkerson) in (46,80,2)
[18:13:44]GAME: Emitter turned off by guap6512(William Wilkerson) in (46,80,2)
[18:13:45]SAY: Esther Greenwood/Buddey : ПО&#255;вилась
[18:13:47]SAY: Esther Greenwood/Buddey : Из пространства
[18:13:48]SAY: Esther Greenwood/Buddey : Просто так
[18:13:51]OOC: William Wilkerson/Guap6512 : Потом.
[18:13:52]SAY: Esther Greenwood/Buddey : Из ниоткуда
[18:13:53]OOC: PARAZlT/PARAZlT : Батхёртоцирк
[18:14:02]OOC: X0MRk/X0MRk : PARAZlT. Ты о чём?
[18:14:02]OOC: William Wilkerson/Guap6512 : 4, думаю, слишком мало.
[18:14:04]SAY: Esther Greenwood/Buddey : Это нормально
[18:14:05]SAY: Max Schulz/Relativist : Ты трогал телепортатор?
[18:14:05]EMOTE: Yan Rayall/Yachuk : <B>Yan Rayall</B> shivers.
[18:14:07]EMOTE: Alexandria Fitzgerald/Jarlo : <B>Alexandria Fitzgerald</B> snores.
[18:14:07]SAY: Esther Greenwood/Buddey : У нас тут такое бывает
[18:14:09]SAY: Esther Greenwood/Buddey : Эм, нет
[18:14:10]OOC: PARAZlT/PARAZlT : О БОЖИ МОЙ ЭТА ЗАСТАВКА
[18:14:15]SAY: Esther Greenwood/Buddey : Там все нормально
[18:14:23]SAY: Max Schulz/Relativist : Бывает, говоришь?
[18:14:27]SAY: Esther Greenwood/Buddey : Ага
[18:14:32]GAME: Emitter turned on by guap6512(William Wilkerson) in (46,80,2)
[18:14:34]GAME: Emitter turned off by guap6512(William Wilkerson) in (46,80,2)
[18:14:36]EMOTE: Yan Rayall/Yachuk : <B>Yan Rayall</B> shivers.
[18:14:44]EMOTE: Yan Rayall/Yachuk : <B>Yan Rayall</B> blinks rapidly.
[18:14:54]ATTACK: Yan Rayall (yachuk) primed a grenade. (<A HREF='?_src_=holder;adminplayerobservecoodjump=1;X=30;Y=121;Z=3'>JMP</a>)
[18:14:55]GAME: A chemical smoke reaction has taken place in (Bar | 30, 121)[ Tricordrazine ]. Last associated key is Yachuk.
[18:15:02]EMOTE: Alexandria Fitzgerald/Jarlo : <B>Alexandria Fitzgerald</B> snores.
[18:15:23]ATTACK: <font color='red'>Yan Rayall (yachuk) attacked Yan Rayall (yachuk) with Chef Recipes (INTENT: DISARM) (DAMTYE: BRUTE)</font>
[18:15:47]SAY: Yan Rayall/Yachuk : Еды...
[18:15:58]OOC: X0MRk/X0MRk : PARAZlT. Так что думаешь?
[18:16:24]EMOTE: Yan Rayall/Yachuk : <B>Yan Rayall</B> shivers.
[18:16:29]OOC: Max Schulz/Relativist : Он считает что все будут использовать это как месть.
[18:16:35]OOC: X0MRk/X0MRk : &gt;Все
[18:16:48]OOC: Max Schulz/Relativist : Те, у кого будут кнопки.
[18:17:06]OOC: X0MRk/X0MRk : Ну кнопки будут только у авторитетных пользователей.
[18:17:07]SAY: Max Schulz/Relativist : Ян, что ты сможешь узнать по голове?
[18:17:16]OOC: X0MRk/X0MRk : Чому бы тому же паразиту или йачуку не выдать.
[18:17:19]OOC: X0MRk/X0MRk : Или гудвину.
[18:17:22]EMOTE: Yan Rayall/Yachuk : <B>Yan Rayall</B> gasps!
[18:17:23]EMOTE: Yan Rayall/Yachuk : <B>Yan Rayall</B> blinks rapidly.
[18:17:26]OOC: X0MRk/X0MRk : Те, кто давно на вайтах играют.
[18:17:35]OOC: William Wilkerson/Guap6512 : Ну да.
[18:17:38]EMOTE: Yan Rayall/Yachuk : <B>Yan Rayall</B> gasps!
[18:17:40]OOC: Max Schulz/Relativist : Мне, например.
[18:17:40]EMOTE: Yan Rayall/Yachuk : <B>Yan Rayall</B> gasps!
[18:17:48]OOC: X0MRk/X0MRk : У теб&#255; там и так где то педали были.
[18:17:50]OOC: William Wilkerson/Guap6512 : У теб&#255; педали
[18:17:52]EMOTE: Yan Rayall/Yachuk : <B>Yan Rayall</B> gasps!
[18:17:56]OOC: Max Schulz/Relativist : :(
[18:18:05]OOC: Yan Rayall/Yachuk : Я польщен, что вы мне довер&#255;ете
[18:18:05]OOC: Max Schulz/Relativist : Педаль - неуважаемый игрок вайта.
[18:18:11]OOC: William Wilkerson/Guap6512 : Кому не сложно, сделаете пару скринов?
[18:18:17]OOC: X0MRk/X0MRk : Одно другому не мешает.
[18:18:18]EMOTE: Yan Rayall/Yachuk : <B>Yan Rayall</B> gasps!
[18:18:20]EMOTE: Yan Rayall/Yachuk : <B>Yan Rayall</B> seizes up and falls limp, his eyes dead and lifeless...
[18:18:23]OOC: X0MRk/X0MRk : Только без чатика скрины
[18:18:24]EMOTE: Alexandria Fitzgerald/Jarlo : <B>Alexandria Fitzgerald</B> snores.
[18:18:39]ACCESS: Logout: *no key*/(William Wilkerson)
[18:18:39]ACCESS: Login: Guap6512/(William Wilkerson) from 127.0.0.1-1851605342 || BYOND v503
[18:18:39]ADMIN: @Guap6512/(William Wilkerson) jumped to Yachuk/(Yan Rayall)
[18:18:43]EMOTE: Alexandria Fitzgerald/Jarlo : <B>Alexandria Fitzgerald</B> snores.
[18:18:44]SAY: Ghost/Madmannobrain : Какое-то все слишком... Ангарное.
[18:18:46]ADMIN: Guap6512/(William Wilkerson) healed / revived Yachuk/(Yan Rayall)
[18:18:49]SAY: Ghost/Guap6512 : Как?
[18:18:54]SAY: Ghost/Guap6512 : Как ты соснул?
[18:18:57]SAY: Ghost/Guap6512 : Ангарное?
[18:18:57]OOC: Max Schulz/Relativist : Могу только окно карты скриншотить. Весь экран слишком долго.
[18:18:59]EMOTE: Yan Rayall/Yachuk : <B>Yan Rayall</B> shivers.
[18:19:01]SAY: Yan Rayall/Yachuk : Да не, нормально
[18:19:02]ADMIN: Guap6512/(William Wilkerson) jumped to Madmannobrain/(John Davis)
[18:19:10]SAY: Max Schulz/Relativist : Эм?
[18:19:11]EMOTE: Esther Greenwood/Buddey : <B>Esther Greenwood</B> screams!
[18:19:11]OOC: William Wilkerson/Guap6512 : Хм, ладно.
[18:19:14]OOC: William Wilkerson/Guap6512 : Сейчас сам.
[18:19:14]EMOTE: Yan Rayall/Yachuk : <B>Yan Rayall</B> twitches violently.
[18:19:17]ADMIN: HELP: Yachuk/(Yan Rayall): Уже нормально работает? - heard by 1 non-AFK admins.
[18:19:18]OOC: Esther Greenwood/Buddey : Космировлс&#255;, кароч, не вы&#255;снив концентрации газиков.
[18:19:20]ADMIN: PM: Guap6512/(William Wilkerson)->Yachuk/(Yan Rayall): Нету.
[18:19:22]SAY: Experiment 97d/ : EHEHEHEHEH
[18:19:24]EMOTE: Alexandria Fitzgerald/Jarlo : <B>Alexandria Fitzgerald</B> snores.
[18:19:26]EMOTE: Yan Rayall/Yachuk : <B>Yan Rayall</B> twitches violently.
[18:19:28]EMOTE: Yan Rayall/Yachuk : <B>Yan Rayall</B> shivers.
[18:19:30]ADMIN: PM: Yachuk/(Yan Rayall)->Guap6512/(William Wilkerson): Текста?
[18:19:34]ADMIN: Guap6512/(William Wilkerson) teleported Buddey/(Esther Greenwood)
[18:19:40]ADMIN: PM: Guap6512/(William Wilkerson)->Yachuk/(Yan Rayall): +
[18:19:41]OOC: X0MRk/X0MRk : беевский ху&#255;тмос довольно ху&#255;стный.
[18:19:43]SAY: Max Schulz/Relativist : Ян.
[18:19:43]SAY: Yan Rayall/Yachuk : Есть!
[18:19:47]SAY: Yan Rayall/Yachuk : ХОЧУ ЕСТЬ
[18:19:52]SAY: Max Schulz/Relativist : Да стой ты.
[18:19:53]OOC: William Wilkerson/Guap6512 : А ещё он работает через раз.
[18:19:57]OOC: X0MRk/X0MRk : Ага.
[18:19:59]SAY: Max Schulz/Relativist : Автоматы с едой есть.
[18:20:01]OOC: William Wilkerson/Guap6512 : И на шаттлах ведет себ&#255; странно, &#255; уже говорил.
[18:20:03]SAY: Yan Rayall/Yachuk : ЖРАТь
[18:20:08]SAY: Yan Rayall/Yachuk : Кислота убивает изнутри
[18:20:09]SAY: Max Schulz/Relativist : Что ты по голове можешь узнать?
[18:20:10]SAY: Ghost/Guap6512 : Камера!
[18:20:10]EMOTE: Esther Greenwood/Buddey : <B>Esther Greenwood</B> is having trouble keeping their eyes open.
[18:20:12]SAY: Ghost/Madmannobrain : Медбей надо бы доработать, например.
[18:20:14]OOC: X0MRk/X0MRk : Помню было врем&#255;, когда делаешь дырку в космос... А ЕМУ ПОХУЙ
[18:20:17]OOC: X0MRk/X0MRk : Вообще ПОХУЙ
[18:20:17]SAY: Ghost/Guap6512 : Камера сгорани это такоооое.
[18:20:19]SAY: Yan Rayall/Yachuk : По какой голове?
[18:20:20]OOC: Esther Greenwood/Buddey : У мен&#255; ничего не повзрывалось :С
[18:20:21]EMOTE: Yan Rayall/Yachuk : <B>Yan Rayall</B> shivers.
[18:20:23]SAY: Ghost/Madmannobrain : И бриг, да.
[18:20:29]SAY: Max Schulz/Relativist : По обособленной от тела голове.
[18:20:29]OOC: Yan Rayall/Yachuk : Голод мега робастный
[18:20:31]OOC: X0MRk/X0MRk : Сходил через дырку в космос проветритс&#255;, зашел обратнои работаешь
[18:20:32]SAY: Ghost/Guap6512 : Бриг - нет.
[18:20:35]SAY: Ghost/Guap6512 : Он стандартный.
[18:20:38]SAY: Ghost/Guap6512 : Старолуны.
[18:20:40]OOC: Yan Rayall/Yachuk : А главное еда никак не вли&#255;ет на его параметр
[18:20:41]SAY: Ghost/Guap6512 : А медбей делал смет.
[18:20:44]OOC: X0MRk/X0MRk : OOC: Yachuk: Голод мега робастный# О каком голоде речь?
[18:20:45]SAY: Ghost/Guap6512 : С руками из ануса.
[18:20:47]EMOTE: Yan Rayall/Yachuk : <B>Yan Rayall</B> blinks rapidly.
[18:20:52]OOC: Yan Rayall/Yachuk : О обычном
[18:20:53]SAY: Ghost/Guap6512 : Я почти переделал его, но ангары остались.
[18:20:57]OOC: X0MRk/X0MRk : Конкретнее.
[18:21:00]EMOTE: Alexandria Fitzgerald/Jarlo : <B>Alexandria Fitzgerald</B> snores.
[18:21:06]OOC: Yan Rayall/Yachuk : Наступил быстро, &#255; в баре сожрал всё до чего дот&#255;нулс&#255; и всё равно соснул
[18:21:08]EMOTE: Esther Greenwood/Buddey : <B>Esther Greenwood</B> 's body becomes limp.
[18:21:10]EMOTE: Alexandria Fitzgerald/Jarlo : <B>Alexandria Fitzgerald</B> snores.
[18:21:11]SAY: Ghost/Guap6512 : А ещё за ним еле вычистил атмос.
[18:21:12]OOC: X0MRk/X0MRk : Вайт?
[18:21:12]ATTACK: <font color='red'>Yan Rayall (yachuk) attacked Yan Rayall (yachuk) with unknown's head (INTENT: HELP) (DAMTYE: BRUTE)</font>
[18:21:16]SAY: Ghost/Guap6512 : [18:21:17]OOC: Yan Rayall/Yachuk : Луна
[18:21:17]SAY: Ghost/Guap6512 : [18:21:18]SAY: Ghost/Guap6512 : [18:21:20]OOC: PARAZlT/PARAZlT : &#34;Например мне&#34;. Мен&#255; овер 5 раз слил кто-то. Я ставлю минусик. Не из мести, просто &#255; считаю, что так делают мудаки. Но насколько это справедливо?
[18:21:21]OOC: X0MRk/X0MRk : Окей.
[18:21:21]SAY: Ghost/Guap6512 : Я сломалось.
[18:21:28]EMOTE: Yan Rayall/Yachuk : <B>Yan Rayall</B> twitches violently.
[18:21:32]SAY: Yan Rayall/Yachuk : ЕСТЬ
[18:21:33]OOC: X0MRk/X0MRk : Твоё решение.
[18:21:41]SAY: Ghost/Madmannobrain : Было бы неплохо, если бы в оружейку добавили побольше летала.
[18:21:43]OOC: X0MRk/X0MRk : Если остальные его поддержат - то  человеком &#255;вно что-то не так.
[18:21:46]EMOTE: Alexandria Fitzgerald/Jarlo : <B>Alexandria Fitzgerald</B> snores.
[18:21:50]SAY: Ghost/Guap6512 : Будет-будет.
[18:21:58]SAY: Ghost/Madmannobrain : Как на Луне перед самим её закрытием. Стечкины и все такое, да.
[18:22:00]EMOTE: Yan Rayall/Yachuk : <B>Yan Rayall</B> blinks rapidly.
[18:22:01]OOC: PARAZlT/PARAZlT : Либо он просто робастен
[18:22:13]SAY: Ghost/Guap6512 : Будет, когда оружие с ТГ перенесу.
[18:22:16]SAY: Ghost/Guap6512 : Если перенесу.
[18:22:34]SAY: Ghost/Madmannobrain : На ТГ еще дробовики годные.
[18:22:38]ACCESS: Login: S_Sting/(S_Sting) from 213.87.120.240-1323850029 || BYOND v501
[18:22:39]OOC: William Wilkerson/Guap6512 : Хом&#255;к, насчет атмоса и выхода проветритьс&#255;.
[18:22:45]SAY: Ghost/Madmannobrain : Там же запилен разлет дроби и все дела.
[18:22:46]EMOTE: Yan Rayall/Yachuk : <B>Yan Rayall</B> shivers.
[18:22:50]OOC: X0MRk/X0MRk : В любом случае, если он делает это уныл и ты считаешь, что такие не нужны - минус.
[18:22:54]EMOTE: Yan Rayall/Yachuk : <B>Yan Rayall</B> twitches violently.
[18:23:02]OOC: X0MRk/X0MRk : уныло*
[18:23:07]OOC: PARAZlT/PARAZlT : Unassigned&lt; О дааааа!
[18:23:08]OOC: William Wilkerson/Guap6512 : Тут такое врем&#255; от времени.
[18:23:12]OOC: X0MRk/X0MRk : аха.
[18:23:17]OOC: X0MRk/X0MRk : Из за кривого спейсмержа
[18:23:26]EMOTE: Yan Rayall/Yachuk : <B>Yan Rayall</B> twitches violently.
[18:23:39]OOC: William Wilkerson/Guap6512 : А ещё тут есть така&#255; хрень, когда удал&#255;ешь тайл пола педально - он выгл&#255;дит как опенспейс, а ведет себ&#255; как простой космос.
[18:23:40]EMOTE: Yan Rayall/Yachuk : <B>Yan Rayall</B> shivers.
[18:23:48]OOC: William Wilkerson/Guap6512 : Такие же ожоги даёт персонажу, и в него не падаешь.
[18:23:50]EMOTE: Yan Rayall/Yachuk : <B>Yan Rayall</B> twitches violently.
[18:23:50]SAY: Ghost/Madmannobrain : И в техтоннели бы добавить всой всины. Или они и раньше такие были, лол.
[18:23:54]OOC: William Wilkerson/Guap6512 : Я это, вроде, починил.
[18:23:59]SAY: Ghost/Guap6512 : Были-были.
[18:24:03]OOC: X0MRk/X0MRk : PARAZlT. Ну а если так сравнивать, то что лучше. Карта луны или карта грина? В луне плюсы только 4 этажа. На карте грина и тунели и планировка лучше.
[18:24:04]ACCESS: Logout: *no key*/(S_Sting)
[18:24:04]ACCESS: Login: S_Sting/(Reid Foster) from 213.87.120.240-1323850029 || BYOND v501
[18:24:05]EMOTE: Esther Greenwood/Buddey : <B>Esther Greenwood</B> can no longer stand, collapsing!
[18:24:13]OOC: PARAZlT/PARAZlT : Простого ассистента тоже в список верни
[18:24:15]EMOTE: Alexandria Fitzgerald/Jarlo : <B>Alexandria Fitzgerald</B> snores.
[18:24:15]SAY: Ghost/Madmannobrain : Черт, эти проблемы с буквой Я.
[18:24:21]EMOTE: Alexandria Fitzgerald/Jarlo : <B>Alexandria Fitzgerald</B> snores.
[18:24:22]OOC: William Wilkerson/Guap6512 : Зачем?
[18:24:23]EMOTE: Alexandria Fitzgerald/Jarlo : <B>Alexandria Fitzgerald</B> snores.
[18:24:28]OOC: Max Schulz/Relativist : Не нужно.
[18:24:32]ACCESS: Login: Mioru/(Mioru) from 89.189.155.36-1971454129 || BYOND v503
[18:24:33]OOC: PARAZlT/PARAZlT : Ну... Рекваирд же
[18:24:50]OOC: Max Schulz/Relativist : Не рекваирд. Дл&#255; простых ассистентов ХоП есть.
[18:24:57]EMOTE: Yan Rayall/Yachuk : <B>Yan Rayall</B> blinks rapidly.
[18:25:00]OOC: X0MRk/X0MRk : Анасигнеда вообще без карты сделай. И спавн в тонел&#255;х с инструмаентами.
[18:25:12]OOC: William Wilkerson/Guap6512 : Ну.
[18:25:13]EMOTE: Yan Rayall/Yachuk : <B>Yan Rayall</B> shivers.
[18:25:19]OOC: Max Schulz/Relativist : Да это же... КОСМОБОМЖ!
[18:25:19]OOC: William Wilkerson/Guap6512 : Надо сначала сделать просто спавн анасигнедом.
[18:25:23]OOC: X0MRk/X0MRk : Чому нет.
[18:25:26]ACCESS: Logout: Buddey/(Esther Greenwood)
[18:25:28]ACCESS: Logout: *no key*/(Mioru)
[18:25:28]ACCESS: Login: Mioru/(Ezra Cowper) from 89.189.155.36-1971454129 || BYOND v503
[18:25:31]OOC: X0MRk/X0MRk : Ай.. Ландмарки расставь.
[18:25:34]OOC: X0MRk/X0MRk : Как будто долго.
[18:25:37]SAY: Experiment 97d/ : EHEHEHEHEH
[18:25:37]EMOTE: Yan Rayall/Yachuk : <B>Yan Rayall</B> blinks rapidly.
[18:25:46]EMOTE: Esther Greenwood/Buddey : <B>Esther Greenwood</B> snores.
[18:25:47]OOC: William Wilkerson/Guap6512 : Да не, спавн после начала ТОЛЬКО анасигнедом.
[18:25:48]OOC: Max Schulz/Relativist : Тому что странно, да и все - бомжи - слишком омично.
[18:25:49]SAY: Yan Rayall/Yachuk : Мда
[18:25:54]EMOTE: Yan Rayall/Yachuk : <B>Yan Rayall</B> blinks rapidly.
[18:25:56]EMOTE: Esther Greenwood/Buddey : <B>Esther Greenwood</B> snores.
[18:26:05]SAY: Ghost/Madmannobrain : А зачем это пустое пространство на второй палубе теперь заполнено?
[18:26:06]EMOTE: Yan Rayall/Yachuk : <B>Yan Rayall</B> blinks rapidly.
[18:26:08]EMOTE: Yan Rayall/Yachuk : <B>Yan Rayall</B> twitches violently.
[18:26:14]SAY: Ghost/Guap6512 : Где?
[18:26:18]SAY: Ghost/Guap6512 : В движках?
[18:26:18]OOC: X0MRk/X0MRk : А всё остальное в СС тебе странным не кажетс&#255;?
[18:26:23]SAY: Ghost/Madmannobrain : Угу.
[18:26:24]OOC: PARAZlT/PARAZlT : Ту хардкоре
[18:26:26]OOC: Max Schulz/Relativist : &gt;слишком
[18:26:26]SAY: Ghost/Guap6512 : Да просто.
[18:26:27]OOC: Yan Rayall/Yachuk : Лол, Гуап посмотри сюда, здесь же должен быть доступ
[18:26:30]DEBUG: Firing random event. #Engineer:1 #Medical:0 #Security:0 #Scientist:1 #AI:0 #Cyborg:0 #Janitor:0 #Botanist:0 ||| /datum/event/economic_event:300/datum/event/trivial_news:88.924/datum/event/mundane_news:300/datum/event/pda_spam:200/datum/event/money_lotto:50/datum/event/carp_migration:30/datum/event/brand_intelligence:20/datum/event/rogue_drone:30/datum/event/infestation:100/datum/event/communications_blackout:75/datum/event/ionstorm:15/datum/event/grid_check:35/datum/event/electrical_storm:5/datum/event/wallrot:30/datum/event/spacevine:15/datum/event/meteor_wave:10/datum/event/meteor_shower:20/datum/event/blob:20/datum/event/viral_infection:25/datum/event/prison_break:1|||Picked:/datum/event/brand_intelligence
[18:26:30]DEBUG: Next event in 36.884 minutes.
[18:26:36]ADMIN: Guap6512/(William Wilkerson) jumped to Yachuk/(Yan Rayall)
[18:26:38]ACCESS: Logout: Kapucin/(Kapucin)
[18:26:41]EMOTE: Yan Rayall/Yachuk : <B>Yan Rayall</B> twitches violently.
[18:26:42]OOC: William Wilkerson/Guap6512 : Бл&#255;, сейчас.
[18:26:45]EMOTE: Yan Rayall/Yachuk : <B>Yan Rayall</B> shivers.
[18:26:47]SAY: Ghost/Madmannobrain : С аномалии так будет вообще это жопоразрывным.
[18:26:49]EMOTE: Yan Rayall/Yachuk : <B>Yan Rayall</B> shivers.
[18:26:53]SAY: Yan Rayall/Yachuk : Оооой
[18:26:56]SAY: Yan Rayall/Yachuk : Как же хреново
[18:26:59]ACCESS: Logout: *no key*/(Reid Foster)
[18:26:59]ACCESS: Login: ssting/(mouse) from 213.87.120.240-1323850029 || BYOND v501
[18:27:07]OOC: X0MRk/X0MRk : Маг, алиены, генокрад, мемо, парень без карты. Да. Парень без карты точно СЛИШКОМ СТРАННЫЙ.
[18:27:11]EMOTE: Yan Rayall/Yachuk : <B>Yan Rayall</B> twitches violently.
[18:27:11]SAY: Ghost/Madmannobrain : Так как выбратсЯ невозможно будет же, вроде.
[18:27:21]OOC: William Wilkerson/Guap6512 : Пофиксил.
[18:27:28]OOC: Max Schulz/Relativist : Каждый новоприбывший - без карты и в техтуннеле. Не, все норм.
[18:27:33]OOC: Yan Rayall/Yachuk : Или нет
[18:27:36]SAY: Ghost/Guap6512 : А ты прав.
[18:27:37]OOC: X0MRk/X0MRk : Не об&#255;зательно.
[18:27:41]EMOTE: Yan Rayall/Yachuk : <B>Yan Rayall</B> blinks rapidly.
[18:27:47]EMOTE: Yan Rayall/Yachuk : <B>Yan Rayall</B> blinks rapidly.
[18:27:53]EMOTE: Alexandria Fitzgerald/Jarlo : <B>Alexandria Fitzgerald</B> snores.
[18:27:58]ACCESS: Logout: *no key*/(PARAZlT)
[18:27:58]ACCESS: Login: PARAZlT/(Zeke Tyler) from 83.149.8.150-1307448617 || BYOND v503
[18:28:02]OOC: Max Schulz/Relativist : Ты хочешь спавн в туннель кинуть, а Гуап хочет после старта спавнить только анассигнедами.
[18:28:07]OOC: X0MRk/X0MRk : На вайте в дедчатике на луну воют.
[18:28:08]SAY: Ghost/Madmannobrain : Раньше хоть место дланомалий было. Можно было и выбратсЯ, да.
[18:28:21]OOC: Max Schulz/Relativist : По поводу?
[18:28:22]OOC: Zeke Tyler/PARAZlT : Ах да
[18:28:25]SAY: Ghost/Guap6512 : Сделал.
[18:28:26]EMOTE: Yan Rayall/Yachuk : <B>Yan Rayall</B> shivers.
[18:28:28]OOC: Zeke Tyler/PARAZlT : Есть мысль
[18:28:43]ACCESS: Logout: *no key*/(William Wilkerson)
[18:28:43]ACCESS: Login: Guap6512/(William Wilkerson) from 127.0.0.1-1851605342 || BYOND v503
[18:28:46]ACCESS: Logout: *no key*/(mouse)
[18:28:46]ACCESS: Login: ssting/(mouse) from 213.87.120.240-1323850029 || BYOND v501
[18:28:51]OOC: Zeke Tyler/PARAZlT : Реально ли сделать игровое окно НЕ квадратным?
[18:28:56]EMOTE: Yan Rayall/Yachuk : <B>Yan Rayall</B> twitches violently.
[18:29:03]EMOTE: Yan Rayall/Yachuk : <B>Yan Rayall</B> shivers.
[18:29:06]SAY: Zeke Tyler/PARAZlT : Мо&#255; карта!
[18:29:07]SAY: Ghost/Mioru : Что это за сервер вообще? Перешёл по ссылке с форума.
[18:29:07]OOC: Max Schulz/Relativist : Карту-то? Нормальным образом - нет.
[18:29:11]EMOTE: Yan Rayall/Yachuk : <B>Yan Rayall</B> twitches violently.
[18:29:16]OOC: Zeke Tyler/PARAZlT : не карту
[18:29:17]OOC: X0MRk/X0MRk : PARAZlT. Что ты хочешь?
[18:29:27]ACCESS: Logout: *no key*/(X0MRk)
[18:29:27]ACCESS: Login: X0MRk/(Tessa Marriman) from 2.61.135.19-184524799 || BYOND v501
[18:29:35]SAY: William Wilkerson/Guap6512 : Тест карты Луны.
[18:29:36]OOC: Max Schulz/Relativist : Он хочет НЕ квадратное окно.
[18:29:38]ACCESS: Logout: *no key*/(William Wilkerson)
[18:29:38]ACCESS: Login: Guap6512/(William Wilkerson) from 127.0.0.1-1851605342 || BYOND v503
[18:29:39]EMOTE: Yan Rayall/Yachuk : <B>Yan Rayall</B> blinks rapidly.
[18:29:41]EMOTE: Esther Greenwood/Buddey : <B>Esther Greenwood</B> snores.
[18:29:42]OOC: Tessa Marriman/X0MRk : Конкретнее
[18:29:42]SAY: Ghost/Guap6512 : Тест карты Луны.
[18:29:46]OOC: Yan Rayall/Yachuk : Ах да, ещё научные очки в химии не определ&#255;ют состав стакана, хот&#255; должны
[18:29:53]OOC: Zeke Tyler/PARAZlT : Кнопкопроблемы. Больша&#255; часть мониторов квадратна. Чому бы не сделать кнопки строго левее и правее карты?
[18:29:55]SAY: Ghost/Mioru : Вот как, спасибо.
[18:30:06]EMOTE: Alexandria Fitzgerald/Jarlo : <B>Alexandria Fitzgerald</B> snores.
[18:30:10]EMOTE: Yan Rayall/Yachuk : <B>Yan Rayall</B> shivers.
[18:30:14]OOC: William Wilkerson/Guap6512 : Не пон&#255;л теб&#255;.
[18:30:16]OOC: William Wilkerson/Guap6512 : Совсем.
[18:30:16]OOC: Max Schulz/Relativist : Какие кнопки?
[18:30:18]EMOTE: Alexandria Fitzgerald/Jarlo : <B>Alexandria Fitzgerald</B> snores.
[18:30:23]OOC: Tessa Marriman/X0MRk : Интерфейс видимо
[18:30:28]EMOTE: Alexandria Fitzgerald/Jarlo : <B>Alexandria Fitzgerald</B> snores.
[18:30:29]ADMIN: Guap6512/(William Wilkerson) made all SMESs powered
[18:30:29]ADMIN: Guap6512/(William Wilkerson) used secret quickpower
[18:30:29]ADMIN: Guap6512/(William Wilkerson) made all areas powered
[18:30:31]ADMIN: Guap6512/(William Wilkerson) used secret power
[18:30:32]OOC: Max Schulz/Relativist : Он внизу и справа.
[18:30:36]OOC: Max Schulz/Relativist : Все норм.
[18:30:37]ACCESS: Logout: *no key*/(William Wilkerson)
[18:30:37]ACCESS: Login: Guap6512/(William Wilkerson) from 127.0.0.1-1851605342 || BYOND v503
[18:30:50]OOC: Zeke Tyler/PARAZlT : Левые нижние кнопки и нижние вынести влево
[18:30:55]ADMIN: Guap6512/(William Wilkerson) jumped to the Arrival Shuttle
[18:30:59]SAY: mouse (30)/ : Squeek!
[18:31:05]OOC: Tessa Marriman/X0MRk : Лучше нарисуй.
[18:31:14]SAY: William Wilkerson/Guap6512 : 2
[18:31:25]OOC: Max Schulz/Relativist : Если ты про смену рук, резист, интенты и остальное, то внизу оно удобнее.
[18:31:27]OOC: Yan Rayall/Yachuk : А ещё сюда у всех был доступ
[18:31:38]ADMIN: Guap6512/(William Wilkerson) jumped to Yachuk/(Yan Rayall)
[18:31:42]ACCESS: Logout: Mioru/(Ezra Cowper)
[18:31:46]ADMIN: Guap6512/(William Wilkerson) jumped to 72,67,2 in Engineering Deck Starboard Maintenance
[18:31:47]SAY: Yan Rayall/Yachuk : И это
[18:31:50]SAY: Yan Rayall/Yachuk : Гиперизин
[18:31:50]SAY: William Wilkerson/Guap6512 : Хуй тебе.
[18:31:54]SAY: Yan Rayall/Yachuk : Он мен&#255; убивает
[18:31:55]SAY: William Wilkerson/Guap6512 : В РнД не надо доступа всем.
[18:32:01]ADMIN: Guap6512/(William Wilkerson) jumped to 72,67,2 in Engineering Deck Starboard Maintenance
[18:32:04]ADMIN: Guap6512/(William Wilkerson) teleported Yachuk/(Yan Rayall)
[18:32:09]SAY: Yan Rayall/Yachuk : Я уже всю станцию заблевал
[18:32:16]SAY: William Wilkerson/Guap6512 : Так надо.
[18:32:23]SAY: Yan Rayall/Yachuk : Всего-то 40 милилитров прин&#255;л
[18:32:32]SAY: Yan Rayall/Yachuk : А ещё голод
[18:32:32]ADMIN: Guap6512/(William Wilkerson) made all areas powered
[18:32:34]ADMIN: Guap6512/(William Wilkerson) used secret power
[18:32:37]EMOTE: Yan Rayall/Yachuk : <B>Yan Rayall</B> blinks rapidly.
[18:32:39]EMOTE: Esther Greenwood/Buddey : <B>Esther Greenwood</B> snores.
[18:32:39]SAY: Yan Rayall/Yachuk : Я голодаю очень быстро
[18:32:44]OOC: Tessa Marriman/X0MRk : Кстати. ХОТКЕИ у кого нибудь работают?
[18:32:46]EMOTE: Yan Rayall/Yachuk : <B>Yan Rayall</B> shivers.
[18:32:51]OOC: Tessa Marriman/X0MRk : У мен&#255; на вайте одно врем&#255; работали тип топ.
[18:32:53]SAY: Yan Rayall/Yachuk : Можна полный доступ?
[18:32:54]EMOTE: Yan Rayall/Yachuk : <B>Yan Rayall</B> blinks rapidly.
[18:32:56]OOC: Tessa Marriman/X0MRk : Потом прокликиватьс&#255; начали.
[18:33:02]ADMIN: Guap6512/(William Wilkerson) jumped to Research Hallway
[18:33:13]ADMIN: Guap6512/(William Wilkerson) teleported Yachuk/(Yan Rayall)
[18:33:18]OOC: Max Schulz/Relativist : Нормально все.
[18:33:24]EMOTE: Esther Greenwood/Buddey : <B>Esther Greenwood</B> snores.
[18:33:27]OOC: Tessa Marriman/X0MRk : Не. Именно WASD
[18:33:51]EMOTE: Yan Rayall/Yachuk : <B>Yan Rayall</B> shivers.
[18:33:55]SAY: Yan Rayall/Yachuk : Кл&#255;тый автомат
[18:34:05]SAY: Yan Rayall/Yachuk : Вот мо&#255; ИД!
[18:34:08]SAY: Yan Rayall/Yachuk : дай мне еду!
[18:34:09]SAY: Max Schulz/Relativist : Вообще не работают.
[18:34:14]OOC: Tessa Marriman/X0MRk : Тут гриновский голод?
[18:34:15]OOC: Max Schulz/Relativist : Вообще не работают.
[18:34:19]SAY: William Wilkerson/Guap6512 : Это всё потому что ты хуй
[18:34:20]OOC: William Wilkerson/Guap6512 : Нет.
[18:34:25]OOC: Tessa Marriman/X0MRk : Угу. 
[18:34:26]OOC: William Wilkerson/Guap6512 : Тут стандартный голод.
[18:34:26]OOC: Max Schulz/Relativist : Только пишит, и все.
[18:34:30]SAY: Yan Rayall/Yachuk : Э ты чё
[18:34:30]OOC: Tessa Marriman/X0MRk : Вот вот.
[18:34:32]SAY: Yan Rayall/Yachuk : Нариваешьс&#255;
[18:34:35]OOC: Tessa Marriman/X0MRk : На вайте одно врем&#255; работало.
[18:34:36]EMOTE: Yan Rayall/Yachuk : <B>Yan Rayall</B> twitches violently.
[18:34:37]OOC: Max Schulz/Relativist : пищит*
[18:34:38]EMOTE: Yan Rayall/Yachuk : <B>Yan Rayall</B> twitches violently.
[18:34:39]OOC: Tessa Marriman/X0MRk : Хз что случилось.
[18:34:48]OOC: Tessa Marriman/X0MRk : Удобно, кстати
[18:34:50]SAY: William Wilkerson/Guap6512 : Рукоанусный.
[18:35:05]OOC: Tessa Marriman/X0MRk : Стандартный голод убивает?
[18:35:10]EMOTE: Yan Rayall/Yachuk : <B>Yan Rayall</B> blinks rapidly.
[18:35:11]OOC: Max Schulz/Relativist : Удобно, что хоткеи не работают?
[18:35:15]SAY: Yan Rayall/Yachuk : Дай доступ
[18:35:17]OOC: William Wilkerson/Guap6512 : Хуй знает. Ящук говорит, что да.
[18:35:18]OOC: Max Schulz/Relativist : Не убивает.
[18:35:20]SAY: William Wilkerson/Guap6512 : Нету.
[18:35:23]ACCESS: Login: Returoks/(Returoks) from 95.190.202.161-521373374 || BYOND v504
[18:35:25]SAY: William Wilkerson/Guap6512 : Иди взломай кэпскую.
[18:35:25]OOC: Tessa Marriman/X0MRk : Удобно на WASD ходить.
[18:35:28]EMOTE: Yan Rayall/Yachuk : <B>Yan Rayall</B> twitches violently.
[18:35:35]SAY: Yan Rayall/Yachuk : но &#255; не умею взламывать
[18:35:40]OOC: Tessa Marriman/X0MRk : И вс&#255;кие другие действи&#255; по хотке&#255;м делать
[18:35:47]SAY: William Wilkerson/Guap6512 : Учитьс&#255; никогда не поздно.
[18:35:52]OOC: Max Schulz/Relativist : Мне и так норм.
[18:35:55]OOC: Tessa Marriman/X0MRk : окно say на t было
[18:35:58]EMOTE: Yan Rayall/Yachuk : <B>Yan Rayall</B> shivers.
[18:35:59]SAY: Yan Rayall/Yachuk : Дай инструменты
[18:36:11]OOC: Max Schulz/Relativist : КОНТАРСТРАЙК
[18:36:15]EMOTE: Yan Rayall/Yachuk : <B>Yan Rayall</B> blinks rapidly.
[18:36:24]EMOTE: Alexandria Fitzgerald/Jarlo : <B>Alexandria Fitzgerald</B> snores.
[18:36:24]OOC: Tessa Marriman/X0MRk : На самом деле довольно хороша&#255; иде&#255;.
[18:36:27]SAY: Yan Rayall/Yachuk : Как же мен&#255; морозит из-за гиперизина
[18:36:35]EMOTE: Alexandria Fitzgerald/Jarlo : <B>Alexandria Fitzgerald</B> snores.
[18:37:07]EMOTE: Esther Greenwood/Buddey : <B>Esther Greenwood</B> snores.
[18:37:48]EMOTE: Alexandria Fitzgerald/Jarlo : <B>Alexandria Fitzgerald</B> snores.
[18:37:50]EMOTE: Esther Greenwood/Buddey : <B>Esther Greenwood</B> snores.
[18:37:54]EMOTE: Yan Rayall/Yachuk : <B>Yan Rayall</B> twitches violently.
[18:37:56]OOC: Yan Rayall/Yachuk : Граб между уровн&#255;ми не работает
[18:38:04]EMOTE: Esther Greenwood/Buddey : <B>Esther Greenwood</B> gasps!
[18:38:14]OOC: Tessa Marriman/X0MRk : А пулл?
[18:38:17]EMOTE: Yan Rayall/Yachuk : <B>Yan Rayall</B> blinks rapidly.
[18:38:20]OOC: Yan Rayall/Yachuk : Пулл да
[18:38:21]ACCESS: Logout: *no key*/(Returoks)
[18:38:21]ACCESS: Login: Returoks/(Brady Powell) from 95.190.202.161-521373374 || BYOND v504
[18:38:25]EMOTE: Yan Rayall/Yachuk : <B>Yan Rayall</B> twitches violently.
[18:38:35]EMOTE: Yan Rayall/Yachuk : <B>Yan Rayall</B> blinks rapidly.
[18:38:35]EMOTE: Esther Greenwood/Buddey : <B>Esther Greenwood</B> snores.
[18:38:41]EMOTE: Yan Rayall/Yachuk : <B>Yan Rayall</B> twitches violently.
[18:38:41]EMOTE: Esther Greenwood/Buddey : <B>Esther Greenwood</B> snores.
[18:38:49]ACCESS: Logout: ssting/(mouse)
[18:38:49]ACCESS: Logout: Relativist/(Max Schulz)
[18:38:51]EMOTE: Yan Rayall/Yachuk : <B>Yan Rayall</B> twitches violently.
[18:38:51]ACCESS: Logout: Madmannobrain/(John Davis)
[18:38:58]ACCESS: Logout: Returoks/(Brady Powell)
[18:39:03]ACCESS: Logout: Yachuk/(Yan Rayall)
[18:39:05]ACCESS: Logout: PARAZlT/(Zeke Tyler)
[18:39:11]ACCESS: Logout: X0MRk/(Tessa Marriman)
[18:39:18]EMOTE: Esther Greenwood/Buddey : <B>Esther Greenwood</B> gasps!
[18:39:20]EMOTE: Yan Rayall/Yachuk : <B>Yan Rayall</B> blinks rapidly.
[18:40:04]EMOTE: Yan Rayall/Yachuk : <B>Yan Rayall</B> snores.
[18:40:11]EMOTE: Esther Greenwood/Buddey : <B>Esther Greenwood</B> snores.
[18:40:52]EMOTE: Alexandria Fitzgerald/Jarlo : <B>Alexandria Fitzgerald</B> snores.
[18:40:52]EMOTE: Esther Greenwood/Buddey : <B>Esther Greenwood</B> snores.
[19:09:06]DEBUG: Firing random event. #Engineer:1 #Medical:0 #Security:0 #Scientist:0 #AI:0 #Cyborg:0 #Janitor:0 #Botanist:0 ||| /datum/event/economic_event:300/datum/event/trivial_news:115.843/datum/event/mundane_news:300/datum/event/pda_spam:200/datum/event/money_lotto:50/datum/event/carp_migration:30/datum/event/brand_intelligence:1/datum/event/rogue_drone:30/datum/event/infestation:100/datum/event/communications_blackout:50/datum/event/ionstorm:10/datum/event/grid_check:35/datum/event/electrical_storm:5/datum/event/wallrot:30/datum/event/spacevine:15/datum/event/meteor_wave:10/datum/event/meteor_shower:20/datum/event/blob:20/datum/event/viral_infection:25/datum/event/prison_break:1|||Picked:/datum/event/economic_event
[19:09:07]DEBUG: Next event in 37.036 minutes.
[19:10:56]EMOTE: Yan Rayall/Yachuk : <B>Yan Rayall</B> snores.
[19:11:05]EMOTE: Yan Rayall/Yachuk : <B>Yan Rayall</B> snores.
[19:11:05]EMOTE: Max Schulz/Relativist : <B>Max Schulz</B> snores.
[19:11:16]EMOTE: Yan Rayall/Yachuk : <B>Yan Rayall</B> shivers.
[19:11:21]EMOTE: Esther Greenwood/Buddey : <B>Esther Greenwood</B> gasps!
[19:11:23]EMOTE: Yan Rayall/Yachuk : <B>Yan Rayall</B> shivers.
[19:11:23]EMOTE: Esther Greenwood/Buddey : <B>Esther Greenwood</B> gasps!
[19:11:25]EMOTE: Yan Rayall/Yachuk : <B>Yan Rayall</B> shivers.
[19:11:27]EMOTE: Yan Rayall/Yachuk : <B>Yan Rayall</B> snores.
[19:11:29]EMOTE: Max Schulz/Relativist : <B>Max Schulz</B> snores.
[19:11:33]EMOTE: Esther Greenwood/Buddey : <B>Esther Greenwood</B> gasps!
[19:11:49]EMOTE: Yan Rayall/Yachuk : <B>Yan Rayall</B> blinks rapidly.
[19:11:59]EMOTE: Esther Greenwood/Buddey : <B>Esther Greenwood</B> snores.
[19:12:22]EMOTE: Yan Rayall/Yachuk : <B>Yan Rayall</B> snores.
[19:12:46]EMOTE: Max Schulz/Relativist : <B>Max Schulz</B> snores.
[19:12:55]ACCESS: Logout: Guap6512/(William Wilkerson)
