

Starting up. 14:35.39
---------------------
Adding game mode AutoTraitor (extend-a-traitormongous) to configuration.
Adding game mode traitor+changeling (traitorchan) to configuration.
Adding game mode traitor (traitor) to configuration.
Adding game mode changeling (changeling) to configuration.
Adding game mode cult (cult) to configuration.
Adding game mode extended (extended) to configuration.
Adding game mode heist (heist) to configuration.
Adding game mode AI malfunction (malfunction) to configuration.
Adding game mode meteor (meteor) to configuration.
Adding game mode ninja (ninja) to configuration.
Adding game mode nuclear emergency (nuclear) to configuration.
Adding game mode rp-revolution (rp-revolution) to configuration.
Adding game mode revolution (revolution) to configuration.
Adding game mode wizard (wizard) to configuration.
Saved mode is 'extended'
Failed to connect to database in load_admins(). Reverting to legacy system.
Database connection failed. Reverting to the legacy ban system.
Failed to load config/mods.txt

[14:36:43]DEBUG: Next event in 28.41 minutes.


Starting up. 14:39.42
---------------------
Adding game mode AutoTraitor (extend-a-traitormongous) to configuration.
Adding game mode traitor+changeling (traitorchan) to configuration.
Adding game mode traitor (traitor) to configuration.
Adding game mode changeling (changeling) to configuration.
Adding game mode cult (cult) to configuration.
Adding game mode extended (extended) to configuration.
Adding game mode heist (heist) to configuration.
Adding game mode AI malfunction (malfunction) to configuration.
Adding game mode meteor (meteor) to configuration.
Adding game mode ninja (ninja) to configuration.
Adding game mode nuclear emergency (nuclear) to configuration.
Adding game mode rp-revolution (rp-revolution) to configuration.
Adding game mode revolution (revolution) to configuration.
Adding game mode wizard (wizard) to configuration.
Saved mode is 'extended'
Failed to connect to database in load_admins(). Reverting to legacy system.
Database connection failed. Reverting to the legacy ban system.
Failed to load config/mods.txt

[14:40:37]DEBUG: Next event in 39 minutes.


Starting up. 14:50.02
---------------------
Adding game mode AutoTraitor (extend-a-traitormongous) to configuration.
Adding game mode traitor+changeling (traitorchan) to configuration.
Adding game mode traitor (traitor) to configuration.
Adding game mode changeling (changeling) to configuration.
Adding game mode cult (cult) to configuration.
Adding game mode extended (extended) to configuration.
Adding game mode heist (heist) to configuration.
Adding game mode AI malfunction (malfunction) to configuration.
Adding game mode meteor (meteor) to configuration.
Adding game mode ninja (ninja) to configuration.
Adding game mode nuclear emergency (nuclear) to configuration.
Adding game mode rp-revolution (rp-revolution) to configuration.
Adding game mode revolution (revolution) to configuration.
Adding game mode wizard (wizard) to configuration.
Saved mode is 'extended'
Failed to connect to database in load_admins(). Reverting to legacy system.
Database connection failed. Reverting to the legacy ban system.
Failed to load config/mods.txt

[14:50:46]DEBUG: Next event in 32.258 minutes.


Starting up. 14:58.53
---------------------
Adding game mode AutoTraitor (extend-a-traitormongous) to configuration.
Adding game mode traitor+changeling (traitorchan) to configuration.
Adding game mode traitor (traitor) to configuration.
Adding game mode changeling (changeling) to configuration.
Adding game mode cult (cult) to configuration.
Adding game mode extended (extended) to configuration.
Adding game mode heist (heist) to configuration.
Adding game mode AI malfunction (malfunction) to configuration.
Adding game mode meteor (meteor) to configuration.
Adding game mode ninja (ninja) to configuration.
Adding game mode nuclear emergency (nuclear) to configuration.
Adding game mode rp-revolution (rp-revolution) to configuration.
Adding game mode revolution (revolution) to configuration.
Adding game mode wizard (wizard) to configuration.
Saved mode is 'extended'
Failed to connect to database in load_admins(). Reverting to legacy system.
Database connection failed. Reverting to the legacy ban system.
Failed to load config/mods.txt

[14:59:22]DEBUG: Next event in 42.668 minutes.


Starting up. 15:16.04
---------------------
Adding game mode AutoTraitor (extend-a-traitormongous) to configuration.
Adding game mode traitor+changeling (traitorchan) to configuration.
Adding game mode traitor (traitor) to configuration.
Adding game mode changeling (changeling) to configuration.
Adding game mode cult (cult) to configuration.
Adding game mode extended (extended) to configuration.
Adding game mode heist (heist) to configuration.
Adding game mode AI malfunction (malfunction) to configuration.
Adding game mode meteor (meteor) to configuration.
Adding game mode ninja (ninja) to configuration.
Adding game mode nuclear emergency (nuclear) to configuration.
Adding game mode rp-revolution (rp-revolution) to configuration.
Adding game mode revolution (revolution) to configuration.
Adding game mode wizard (wizard) to configuration.
Saved mode is 'extended'
Failed to connect to database in load_admins(). Reverting to legacy system.
Database connection failed. Reverting to the legacy ban system.
Failed to load config/mods.txt

[15:16:32]DEBUG: Next event in 43.232 minutes.


Starting up. 15:19.04
---------------------
Adding game mode AutoTraitor (extend-a-traitormongous) to configuration.
Adding game mode traitor+changeling (traitorchan) to configuration.
Adding game mode traitor (traitor) to configuration.
Adding game mode changeling (changeling) to configuration.
Adding game mode cult (cult) to configuration.
Adding game mode extended (extended) to configuration.
Adding game mode heist (heist) to configuration.
Adding game mode AI malfunction (malfunction) to configuration.
Adding game mode meteor (meteor) to configuration.
Adding game mode ninja (ninja) to configuration.
Adding game mode nuclear emergency (nuclear) to configuration.
Adding game mode rp-revolution (rp-revolution) to configuration.
Adding game mode revolution (revolution) to configuration.
Adding game mode wizard (wizard) to configuration.
Saved mode is 'extended'
Failed to connect to database in load_admins(). Reverting to legacy system.
Database connection failed. Reverting to the legacy ban system.
Failed to load config/mods.txt

[15:19:40]DEBUG: Next event in 37.692 minutes.


Starting up. 15:25.48
---------------------
Adding game mode AutoTraitor (extend-a-traitormongous) to configuration.
Adding game mode traitor+changeling (traitorchan) to configuration.
Adding game mode traitor (traitor) to configuration.
Adding game mode changeling (changeling) to configuration.
Adding game mode cult (cult) to configuration.
Adding game mode extended (extended) to configuration.
Adding game mode heist (heist) to configuration.
Adding game mode AI malfunction (malfunction) to configuration.
Adding game mode meteor (meteor) to configuration.
Adding game mode ninja (ninja) to configuration.
Adding game mode nuclear emergency (nuclear) to configuration.
Adding game mode rp-revolution (rp-revolution) to configuration.
Adding game mode revolution (revolution) to configuration.
Adding game mode wizard (wizard) to configuration.


Starting up. 15:31.06
---------------------
Adding game mode AutoTraitor (extend-a-traitormongous) to configuration.
Adding game mode traitor+changeling (traitorchan) to configuration.
Adding game mode traitor (traitor) to configuration.
Adding game mode changeling (changeling) to configuration.
Adding game mode cult (cult) to configuration.
Adding game mode extended (extended) to configuration.
Adding game mode heist (heist) to configuration.
Adding game mode AI malfunction (malfunction) to configuration.
Adding game mode meteor (meteor) to configuration.
Adding game mode ninja (ninja) to configuration.
Adding game mode nuclear emergency (nuclear) to configuration.
Adding game mode rp-revolution (rp-revolution) to configuration.
Adding game mode revolution (revolution) to configuration.
Adding game mode wizard (wizard) to configuration.
Saved mode is 'extended'
Failed to connect to database in load_admins(). Reverting to legacy system.
Database connection failed. Reverting to the legacy ban system.
Failed to load config/mods.txt

[15:34:14]DEBUG: Next event in 44.396 minutes.


Starting up. 15:50.48
---------------------
Adding game mode AutoTraitor (extend-a-traitormongous) to configuration.
Adding game mode traitor+changeling (traitorchan) to configuration.
Adding game mode traitor (traitor) to configuration.
Adding game mode changeling (changeling) to configuration.
Adding game mode cult (cult) to configuration.
Adding game mode extended (extended) to configuration.
Adding game mode heist (heist) to configuration.
Adding game mode AI malfunction (malfunction) to configuration.
Adding game mode meteor (meteor) to configuration.
Adding game mode ninja (ninja) to configuration.
Adding game mode nuclear emergency (nuclear) to configuration.
Adding game mode rp-revolution (rp-revolution) to configuration.
Adding game mode revolution (revolution) to configuration.
Adding game mode wizard (wizard) to configuration.
Saved mode is 'extended'
Failed to connect to database in load_admins(). Reverting to legacy system.
Database connection failed. Reverting to the legacy ban system.
Failed to load config/mods.txt



Starting up. 15:52.45
---------------------
Adding game mode AutoTraitor (extend-a-traitormongous) to configuration.
Adding game mode traitor+changeling (traitorchan) to configuration.
Adding game mode traitor (traitor) to configuration.
Adding game mode changeling (changeling) to configuration.
Adding game mode cult (cult) to configuration.
Adding game mode extended (extended) to configuration.
Adding game mode heist (heist) to configuration.
Adding game mode AI malfunction (malfunction) to configuration.
Adding game mode meteor (meteor) to configuration.
Adding game mode ninja (ninja) to configuration.
Adding game mode nuclear emergency (nuclear) to configuration.
Adding game mode rp-revolution (rp-revolution) to configuration.
Adding game mode revolution (revolution) to configuration.
Adding game mode wizard (wizard) to configuration.
Saved mode is 'extended'
Failed to connect to database in load_admins(). Reverting to legacy system.
Database connection failed. Reverting to the legacy ban system.
Failed to load config/mods.txt

[15:56:07]DEBUG: Next event in 31.782 minutes.


Starting up. 17:19.37
---------------------
Adding game mode AutoTraitor (extend-a-traitormongous) to configuration.
Adding game mode traitor+changeling (traitorchan) to configuration.
Adding game mode traitor (traitor) to configuration.
Adding game mode changeling (changeling) to configuration.
Adding game mode cult (cult) to configuration.
Adding game mode extended (extended) to configuration.
Adding game mode heist (heist) to configuration.
Adding game mode AI malfunction (malfunction) to configuration.
Adding game mode meteor (meteor) to configuration.
Adding game mode ninja (ninja) to configuration.
Adding game mode nuclear emergency (nuclear) to configuration.
Adding game mode rp-revolution (rp-revolution) to configuration.
Adding game mode revolution (revolution) to configuration.
Adding game mode wizard (wizard) to configuration.
Saved mode is 'extended'
Failed to connect to database in load_admins(). Reverting to legacy system.
Database connection failed. Reverting to the legacy ban system.
Failed to load config/mods.txt

[17:28:01]DEBUG: Next event in 31.068 minutes.
