

Starting up. 11:00.33
---------------------
Adding game mode AutoTraitor (extend-a-traitormongous) to configuration.
Adding game mode traitor+changeling (traitorchan) to configuration.
Adding game mode traitor (traitor) to configuration.
Adding game mode changeling (changeling) to configuration.
Adding game mode cult (cult) to configuration.
Adding game mode extended (extended) to configuration.
Adding game mode heist (heist) to configuration.
Adding game mode AI malfunction (malfunction) to configuration.
Adding game mode meteor (meteor) to configuration.
Adding game mode ninja (ninja) to configuration.
Adding game mode nuclear emergency (nuclear) to configuration.
Adding game mode rp-revolution (rp-revolution) to configuration.
Adding game mode revolution (revolution) to configuration.
Adding game mode wizard (wizard) to configuration.
Saved mode is 'extended'
Failed to connect to database in load_admins(). Reverting to legacy system.
Database connection failed. Reverting to the legacy ban system.
Failed to load config/mods.txt

[11:00:43]DEBUG: Next event in 41.88 minutes.


Starting up. 11:24.44
---------------------
Adding game mode AutoTraitor (extend-a-traitormongous) to configuration.
Adding game mode traitor+changeling (traitorchan) to configuration.
Adding game mode traitor (traitor) to configuration.
Adding game mode changeling (changeling) to configuration.
Adding game mode cult (cult) to configuration.
Adding game mode extended (extended) to configuration.
Adding game mode heist (heist) to configuration.
Adding game mode AI malfunction (malfunction) to configuration.
Adding game mode meteor (meteor) to configuration.
Adding game mode ninja (ninja) to configuration.
Adding game mode nuclear emergency (nuclear) to configuration.
Adding game mode rp-revolution (rp-revolution) to configuration.
Adding game mode revolution (revolution) to configuration.
Adding game mode wizard (wizard) to configuration.
Saved mode is 'extended'
Failed to connect to database in load_admins(). Reverting to legacy system.
Database connection failed. Reverting to the legacy ban system.
Failed to load config/mods.txt

[11:24:59]DEBUG: Next event in 27.724 minutes.


Starting up. 11:32.57
---------------------
Adding game mode AutoTraitor (extend-a-traitormongous) to configuration.
Adding game mode traitor+changeling (traitorchan) to configuration.
Adding game mode traitor (traitor) to configuration.
Adding game mode changeling (changeling) to configuration.
Adding game mode cult (cult) to configuration.
Adding game mode extended (extended) to configuration.
Adding game mode heist (heist) to configuration.
Adding game mode AI malfunction (malfunction) to configuration.
Adding game mode meteor (meteor) to configuration.
Adding game mode ninja (ninja) to configuration.
Adding game mode nuclear emergency (nuclear) to configuration.
Adding game mode rp-revolution (rp-revolution) to configuration.
Adding game mode revolution (revolution) to configuration.
Adding game mode wizard (wizard) to configuration.
Saved mode is 'extended'
Failed to connect to database in load_admins(). Reverting to legacy system.
Database connection failed. Reverting to the legacy ban system.
Failed to load config/mods.txt

[11:33:15]DEBUG: Next event in 45.46 minutes.


Starting up. 11:38.45
---------------------
Adding game mode AutoTraitor (extend-a-traitormongous) to configuration.
Adding game mode traitor+changeling (traitorchan) to configuration.
Adding game mode traitor (traitor) to configuration.
Adding game mode changeling (changeling) to configuration.
Adding game mode cult (cult) to configuration.
Adding game mode extended (extended) to configuration.
Adding game mode heist (heist) to configuration.
Adding game mode AI malfunction (malfunction) to configuration.
Adding game mode meteor (meteor) to configuration.
Adding game mode ninja (ninja) to configuration.
Adding game mode nuclear emergency (nuclear) to configuration.
Adding game mode rp-revolution (rp-revolution) to configuration.
Adding game mode revolution (revolution) to configuration.
Adding game mode wizard (wizard) to configuration.
Saved mode is 'extended'
Failed to connect to database in load_admins(). Reverting to legacy system.
Database connection failed. Reverting to the legacy ban system.
Failed to load config/mods.txt

[11:38:54]DEBUG: Next event in 33.322 minutes.


Starting up. 11:43.39
---------------------
Adding game mode AutoTraitor (extend-a-traitormongous) to configuration.
Adding game mode traitor+changeling (traitorchan) to configuration.
Adding game mode traitor (traitor) to configuration.
Adding game mode changeling (changeling) to configuration.
Adding game mode cult (cult) to configuration.
Adding game mode extended (extended) to configuration.
Adding game mode heist (heist) to configuration.
Adding game mode AI malfunction (malfunction) to configuration.
Adding game mode meteor (meteor) to configuration.
Adding game mode ninja (ninja) to configuration.
Adding game mode nuclear emergency (nuclear) to configuration.
Adding game mode rp-revolution (rp-revolution) to configuration.
Adding game mode revolution (revolution) to configuration.
Adding game mode wizard (wizard) to configuration.
Saved mode is 'extended'
Failed to connect to database in load_admins(). Reverting to legacy system.
Database connection failed. Reverting to the legacy ban system.
Failed to load config/mods.txt

[11:43:49]DEBUG: Next event in 41.25 minutes.


Starting up. 11:58.25
---------------------
Adding game mode AutoTraitor (extend-a-traitormongous) to configuration.
Adding game mode traitor+changeling (traitorchan) to configuration.
Adding game mode traitor (traitor) to configuration.
Adding game mode changeling (changeling) to configuration.
Adding game mode cult (cult) to configuration.
Adding game mode extended (extended) to configuration.
Adding game mode heist (heist) to configuration.
Adding game mode AI malfunction (malfunction) to configuration.
Adding game mode meteor (meteor) to configuration.
Adding game mode ninja (ninja) to configuration.
Adding game mode nuclear emergency (nuclear) to configuration.
Adding game mode rp-revolution (rp-revolution) to configuration.
Adding game mode revolution (revolution) to configuration.
Adding game mode wizard (wizard) to configuration.
Saved mode is 'extended'
Failed to connect to database in load_admins(). Reverting to legacy system.
Database connection failed. Reverting to the legacy ban system.
Failed to load config/mods.txt

[11:58:55]DEBUG: Next event in 40.052 minutes.


Starting up. 14:52.42
---------------------
Adding game mode AutoTraitor (extend-a-traitormongous) to configuration.
Adding game mode traitor+changeling (traitorchan) to configuration.
Adding game mode traitor (traitor) to configuration.
Adding game mode changeling (changeling) to configuration.
Adding game mode cult (cult) to configuration.
Adding game mode extended (extended) to configuration.
Adding game mode heist (heist) to configuration.
Adding game mode AI malfunction (malfunction) to configuration.
Adding game mode meteor (meteor) to configuration.
Adding game mode ninja (ninja) to configuration.
Adding game mode nuclear emergency (nuclear) to configuration.
Adding game mode rp-revolution (rp-revolution) to configuration.
Adding game mode revolution (revolution) to configuration.
Adding game mode wizard (wizard) to configuration.
Saved mode is 'extended'
Failed to connect to database in load_admins(). Reverting to legacy system.
Database connection failed. Reverting to the legacy ban system.


Starting up. 14:54.40
---------------------
Adding game mode AutoTraitor (extend-a-traitormongous) to configuration.
Adding game mode traitor+changeling (traitorchan) to configuration.
Adding game mode traitor (traitor) to configuration.
Adding game mode changeling (changeling) to configuration.
Adding game mode cult (cult) to configuration.
Adding game mode extended (extended) to configuration.
Adding game mode heist (heist) to configuration.
Adding game mode AI malfunction (malfunction) to configuration.
Adding game mode meteor (meteor) to configuration.
Adding game mode ninja (ninja) to configuration.
Adding game mode nuclear emergency (nuclear) to configuration.
Adding game mode rp-revolution (rp-revolution) to configuration.
Adding game mode revolution (revolution) to configuration.
Adding game mode wizard (wizard) to configuration.
Saved mode is 'extended'
Failed to connect to database in load_admins(). Reverting to legacy system.
Database connection failed. Reverting to the legacy ban system.


Starting up. 16:32.09
---------------------
Adding game mode AutoTraitor (extend-a-traitormongous) to configuration.
Adding game mode traitor+changeling (traitorchan) to configuration.
Adding game mode traitor (traitor) to configuration.
Adding game mode changeling (changeling) to configuration.
Adding game mode cult (cult) to configuration.
Adding game mode extended (extended) to configuration.
Adding game mode heist (heist) to configuration.
Adding game mode AI malfunction (malfunction) to configuration.
Adding game mode meteor (meteor) to configuration.
Adding game mode ninja (ninja) to configuration.
Adding game mode nuclear emergency (nuclear) to configuration.
Adding game mode rp-revolution (rp-revolution) to configuration.
Adding game mode revolution (revolution) to configuration.
Adding game mode wizard (wizard) to configuration.
Saved mode is 'extended'
Failed to connect to database in load_admins(). Reverting to legacy system.
Database connection failed. Reverting to the legacy ban system.
Failed to load config/mods.txt

Failed to load config/mods.txt

[16:33:36]DEBUG: Next event in 24.906 minutes.


Starting up. 16:46.02
---------------------
Adding game mode AutoTraitor (extend-a-traitormongous) to configuration.
Adding game mode traitor+changeling (traitorchan) to configuration.
Adding game mode traitor (traitor) to configuration.
Adding game mode changeling (changeling) to configuration.
Adding game mode cult (cult) to configuration.
Adding game mode extended (extended) to configuration.
Adding game mode heist (heist) to configuration.
Adding game mode AI malfunction (malfunction) to configuration.
Adding game mode meteor (meteor) to configuration.
Adding game mode ninja (ninja) to configuration.
Adding game mode nuclear emergency (nuclear) to configuration.
Adding game mode rp-revolution (rp-revolution) to configuration.
Adding game mode revolution (revolution) to configuration.
Adding game mode wizard (wizard) to configuration.
Saved mode is 'extended'
Failed to connect to database in load_admins(). Reverting to legacy system.
Database connection failed. Reverting to the legacy ban system.
Failed to load config/mods.txt

[16:46:51]DEBUG: Next event in 47.432 minutes.


Starting up. 16:50.57
---------------------
Adding game mode AutoTraitor (extend-a-traitormongous) to configuration.
Adding game mode traitor+changeling (traitorchan) to configuration.
Adding game mode traitor (traitor) to configuration.
Adding game mode changeling (changeling) to configuration.
Adding game mode cult (cult) to configuration.
Adding game mode extended (extended) to configuration.
Adding game mode heist (heist) to configuration.
Adding game mode AI malfunction (malfunction) to configuration.
Adding game mode meteor (meteor) to configuration.
Adding game mode ninja (ninja) to configuration.
Adding game mode nuclear emergency (nuclear) to configuration.
Adding game mode rp-revolution (rp-revolution) to configuration.
Adding game mode revolution (revolution) to configuration.
Adding game mode wizard (wizard) to configuration.
Saved mode is 'extended'
Failed to connect to database in load_admins(). Reverting to legacy system.
Database connection failed. Reverting to the legacy ban system.
Failed to load config/mods.txt

[16:51:08]DEBUG: Next event in 34.778 minutes.


Starting up. 17:00.04
---------------------
Adding game mode AutoTraitor (extend-a-traitormongous) to configuration.
Adding game mode traitor+changeling (traitorchan) to configuration.
Adding game mode traitor (traitor) to configuration.
Adding game mode changeling (changeling) to configuration.
Adding game mode cult (cult) to configuration.
Adding game mode extended (extended) to configuration.
Adding game mode heist (heist) to configuration.
Adding game mode AI malfunction (malfunction) to configuration.
Adding game mode meteor (meteor) to configuration.
Adding game mode ninja (ninja) to configuration.
Adding game mode nuclear emergency (nuclear) to configuration.
Adding game mode rp-revolution (rp-revolution) to configuration.
Adding game mode revolution (revolution) to configuration.
Adding game mode wizard (wizard) to configuration.
Saved mode is 'extended'
Failed to connect to database in load_admins(). Reverting to legacy system.
Database connection failed. Reverting to the legacy ban system.
Failed to load config/mods.txt

[17:00:15]DEBUG: Next event in 42.202 minutes.


Starting up. 18:44.34
---------------------
Adding game mode AutoTraitor (extend-a-traitormongous) to configuration.
Adding game mode traitor+changeling (traitorchan) to configuration.
Adding game mode traitor (traitor) to configuration.
Adding game mode changeling (changeling) to configuration.
Adding game mode cult (cult) to configuration.
Adding game mode extended (extended) to configuration.
Adding game mode heist (heist) to configuration.
Adding game mode AI malfunction (malfunction) to configuration.
Adding game mode meteor (meteor) to configuration.
Adding game mode ninja (ninja) to configuration.
Adding game mode nuclear emergency (nuclear) to configuration.
Adding game mode rp-revolution (rp-revolution) to configuration.
Adding game mode revolution (revolution) to configuration.
Adding game mode wizard (wizard) to configuration.
Saved mode is 'extended'
Failed to connect to database in load_admins(). Reverting to legacy system.
Database connection failed. Reverting to the legacy ban system.
Failed to load config/mods.txt

[18:47:03]DEBUG: Next event in 46.978 minutes.


Starting up. 18:55.27
---------------------
Adding game mode AutoTraitor (extend-a-traitormongous) to configuration.
Adding game mode traitor+changeling (traitorchan) to configuration.
Adding game mode traitor (traitor) to configuration.
Adding game mode changeling (changeling) to configuration.
Adding game mode cult (cult) to configuration.
Adding game mode extended (extended) to configuration.
Adding game mode heist (heist) to configuration.
Adding game mode AI malfunction (malfunction) to configuration.
Adding game mode meteor (meteor) to configuration.
Adding game mode ninja (ninja) to configuration.
Adding game mode nuclear emergency (nuclear) to configuration.
Adding game mode rp-revolution (rp-revolution) to configuration.
Adding game mode revolution (revolution) to configuration.
Adding game mode wizard (wizard) to configuration.
Saved mode is 'extended'
Failed to connect to database in load_admins(). Reverting to legacy system.
Database connection failed. Reverting to the legacy ban system.
Failed to load config/mods.txt

[18:57:48]DEBUG: Next event in 28.708 minutes.


Starting up. 19:21.26
---------------------
Adding game mode AutoTraitor (extend-a-traitormongous) to configuration.
Adding game mode traitor+changeling (traitorchan) to configuration.
Adding game mode traitor (traitor) to configuration.
Adding game mode changeling (changeling) to configuration.
Adding game mode cult (cult) to configuration.
Adding game mode extended (extended) to configuration.
Adding game mode heist (heist) to configuration.
Adding game mode AI malfunction (malfunction) to configuration.
Adding game mode meteor (meteor) to configuration.
Adding game mode ninja (ninja) to configuration.
Adding game mode nuclear emergency (nuclear) to configuration.
Adding game mode rp-revolution (rp-revolution) to configuration.
Adding game mode revolution (revolution) to configuration.
Adding game mode wizard (wizard) to configuration.
Saved mode is 'extended'
Failed to connect to database in load_admins(). Reverting to legacy system.
Database connection failed. Reverting to the legacy ban system.
Failed to load config/mods.txt

[19:24:01]DEBUG: Next event in 44.662 minutes.


Starting up. 20:15.10
---------------------
Adding game mode AutoTraitor (extend-a-traitormongous) to configuration.
Adding game mode traitor+changeling (traitorchan) to configuration.
Adding game mode traitor (traitor) to configuration.
Adding game mode changeling (changeling) to configuration.
Adding game mode cult (cult) to configuration.
Adding game mode extended (extended) to configuration.
Adding game mode heist (heist) to configuration.
Adding game mode AI malfunction (malfunction) to configuration.
Adding game mode meteor (meteor) to configuration.
Adding game mode ninja (ninja) to configuration.
Adding game mode nuclear emergency (nuclear) to configuration.
Adding game mode rp-revolution (rp-revolution) to configuration.
Adding game mode revolution (revolution) to configuration.
Adding game mode wizard (wizard) to configuration.
Saved mode is 'extended'
Failed to connect to database in load_admins(). Reverting to legacy system.
Database connection failed. Reverting to the legacy ban system.
Failed to load config/mods.txt

[20:20:01]DEBUG: Next event in 33.92 minutes.
