

Starting up. 15:53.19
---------------------
Adding game mode AutoTraitor (extend-a-traitormongous) to configuration.
Adding game mode traitor+changeling (traitorchan) to configuration.
Adding game mode traitor (traitor) to configuration.
Adding game mode changeling (changeling) to configuration.
Adding game mode cult (cult) to configuration.
Adding game mode extended (extended) to configuration.
Adding game mode heist (heist) to configuration.
Adding game mode AI malfunction (malfunction) to configuration.
Adding game mode meteor (meteor) to configuration.
Adding game mode ninja (ninja) to configuration.
Adding game mode nuclear emergency (nuclear) to configuration.
Adding game mode rp-revolution (rp-revolution) to configuration.
Adding game mode revolution (revolution) to configuration.
Adding game mode wizard (wizard) to configuration.
Saved mode is 'extended'
Failed to connect to database in load_admins(). Reverting to legacy system.
Database connection failed. Reverting to the legacy ban system.
Failed to load config/mods.txt

[15:53:35]DEBUG: Next event in 42.852 minutes.


Starting up. 16:18.00
---------------------
Adding game mode AutoTraitor (extend-a-traitormongous) to configuration.
Adding game mode traitor+changeling (traitorchan) to configuration.
Adding game mode traitor (traitor) to configuration.
Adding game mode changeling (changeling) to configuration.
Adding game mode cult (cult) to configuration.
Adding game mode extended (extended) to configuration.
Adding game mode heist (heist) to configuration.
Adding game mode AI malfunction (malfunction) to configuration.
Adding game mode meteor (meteor) to configuration.
Adding game mode ninja (ninja) to configuration.
Adding game mode nuclear emergency (nuclear) to configuration.
Adding game mode rp-revolution (rp-revolution) to configuration.
Adding game mode revolution (revolution) to configuration.
Adding game mode wizard (wizard) to configuration.
Saved mode is 'extended'
Failed to connect to database in load_admins(). Reverting to legacy system.
Database connection failed. Reverting to the legacy ban system.
Failed to load config/mods.txt

[16:18:23]DEBUG: Next event in 43.098 minutes.


Starting up. 16:21.36
---------------------
Adding game mode AutoTraitor (extend-a-traitormongous) to configuration.
Adding game mode traitor+changeling (traitorchan) to configuration.
Adding game mode traitor (traitor) to configuration.
Adding game mode changeling (changeling) to configuration.
Adding game mode cult (cult) to configuration.
Adding game mode extended (extended) to configuration.
Adding game mode heist (heist) to configuration.
Adding game mode AI malfunction (malfunction) to configuration.
Adding game mode meteor (meteor) to configuration.
Adding game mode ninja (ninja) to configuration.
Adding game mode nuclear emergency (nuclear) to configuration.
Adding game mode rp-revolution (rp-revolution) to configuration.
Adding game mode revolution (revolution) to configuration.
Adding game mode wizard (wizard) to configuration.
Saved mode is 'extended'
Failed to connect to database in load_admins(). Reverting to legacy system.
Database connection failed. Reverting to the legacy ban system.
Failed to load config/mods.txt

[16:21:47]DEBUG: Next event in 47.698 minutes.


Starting up. 16:26.42
---------------------
Adding game mode AutoTraitor (extend-a-traitormongous) to configuration.
Adding game mode traitor+changeling (traitorchan) to configuration.
Adding game mode traitor (traitor) to configuration.
Adding game mode changeling (changeling) to configuration.
Adding game mode cult (cult) to configuration.
Adding game mode extended (extended) to configuration.
Adding game mode heist (heist) to configuration.
Adding game mode AI malfunction (malfunction) to configuration.
Adding game mode meteor (meteor) to configuration.
Adding game mode ninja (ninja) to configuration.
Adding game mode nuclear emergency (nuclear) to configuration.
Adding game mode rp-revolution (rp-revolution) to configuration.
Adding game mode revolution (revolution) to configuration.
Adding game mode wizard (wizard) to configuration.
Saved mode is 'extended'
Failed to connect to database in load_admins(). Reverting to legacy system.
Database connection failed. Reverting to the legacy ban system.
Failed to load config/mods.txt

[16:26:54]DEBUG: Next event in 36.6 minutes.


Starting up. 16:31.58
---------------------
Adding game mode AutoTraitor (extend-a-traitormongous) to configuration.
Adding game mode traitor+changeling (traitorchan) to configuration.
Adding game mode traitor (traitor) to configuration.
Adding game mode changeling (changeling) to configuration.
Adding game mode cult (cult) to configuration.
Adding game mode extended (extended) to configuration.
Adding game mode heist (heist) to configuration.
Adding game mode AI malfunction (malfunction) to configuration.
Adding game mode meteor (meteor) to configuration.
Adding game mode ninja (ninja) to configuration.
Adding game mode nuclear emergency (nuclear) to configuration.
Adding game mode rp-revolution (rp-revolution) to configuration.
Adding game mode revolution (revolution) to configuration.
Adding game mode wizard (wizard) to configuration.
Saved mode is 'extended'
Failed to connect to database in load_admins(). Reverting to legacy system.
Database connection failed. Reverting to the legacy ban system.
Failed to load config/mods.txt

[16:32:10]DEBUG: Next event in 33.332 minutes.


Starting up. 18:09.15
---------------------
Adding game mode AutoTraitor (extend-a-traitormongous) to configuration.
Adding game mode traitor+changeling (traitorchan) to configuration.
Adding game mode traitor (traitor) to configuration.
Adding game mode changeling (changeling) to configuration.
Adding game mode cult (cult) to configuration.
Adding game mode extended (extended) to configuration.
Adding game mode heist (heist) to configuration.
Adding game mode AI malfunction (malfunction) to configuration.
Adding game mode meteor (meteor) to configuration.
Adding game mode ninja (ninja) to configuration.
Adding game mode nuclear emergency (nuclear) to configuration.
Adding game mode rp-revolution (rp-revolution) to configuration.
Adding game mode revolution (revolution) to configuration.
Adding game mode wizard (wizard) to configuration.
Saved mode is 'extended'
Failed to connect to database in load_admins(). Reverting to legacy system.
Database connection failed. Reverting to the legacy ban system.
Failed to load config/mods.txt

[18:09:30]DEBUG: Next event in 33.19 minutes.


Starting up. 18:38.15
---------------------
Adding game mode AutoTraitor (extend-a-traitormongous) to configuration.
Adding game mode traitor+changeling (traitorchan) to configuration.
Adding game mode traitor (traitor) to configuration.
Adding game mode changeling (changeling) to configuration.
Adding game mode cult (cult) to configuration.
Adding game mode extended (extended) to configuration.
Adding game mode heist (heist) to configuration.
Adding game mode AI malfunction (malfunction) to configuration.
Adding game mode meteor (meteor) to configuration.
Adding game mode ninja (ninja) to configuration.
Adding game mode nuclear emergency (nuclear) to configuration.
Adding game mode rp-revolution (rp-revolution) to configuration.
Adding game mode revolution (revolution) to configuration.
Adding game mode wizard (wizard) to configuration.
Saved mode is 'extended'
Failed to connect to database in load_admins(). Reverting to legacy system.
Database connection failed. Reverting to the legacy ban system.
Failed to load config/mods.txt

[18:38:30]DEBUG: Next event in 40.222 minutes.


Starting up. 19:14.19
---------------------
Adding game mode AutoTraitor (extend-a-traitormongous) to configuration.
Adding game mode traitor+changeling (traitorchan) to configuration.
Adding game mode traitor (traitor) to configuration.
Adding game mode changeling (changeling) to configuration.
Adding game mode cult (cult) to configuration.
Adding game mode extended (extended) to configuration.
Adding game mode heist (heist) to configuration.
Adding game mode AI malfunction (malfunction) to configuration.
Adding game mode meteor (meteor) to configuration.
Adding game mode ninja (ninja) to configuration.
Adding game mode nuclear emergency (nuclear) to configuration.
Adding game mode rp-revolution (rp-revolution) to configuration.
Adding game mode revolution (revolution) to configuration.
Adding game mode wizard (wizard) to configuration.
Saved mode is 'extended'
Failed to connect to database in load_admins(). Reverting to legacy system.
Database connection failed. Reverting to the legacy ban system.
Failed to load config/mods.txt

[19:15:41]DEBUG: Next event in 38.202 minutes.
[19:53:54]DEBUG: Next event in 35.184 minutes.


Starting up. 20:28.54
---------------------
Adding game mode AutoTraitor (extend-a-traitormongous) to configuration.
Adding game mode traitor+changeling (traitorchan) to configuration.
Adding game mode traitor (traitor) to configuration.
Adding game mode changeling (changeling) to configuration.
Adding game mode cult (cult) to configuration.
Adding game mode extended (extended) to configuration.
Adding game mode heist (heist) to configuration.
Adding game mode AI malfunction (malfunction) to configuration.
Adding game mode meteor (meteor) to configuration.
Adding game mode ninja (ninja) to configuration.
Adding game mode nuclear emergency (nuclear) to configuration.
Adding game mode rp-revolution (rp-revolution) to configuration.
Adding game mode revolution (revolution) to configuration.
Adding game mode wizard (wizard) to configuration.
Saved mode is 'extended'
Failed to connect to database in load_admins(). Reverting to legacy system.
Database connection failed. Reverting to the legacy ban system.
Failed to load config/mods.txt

[20:30:07]DEBUG: Next event in 39.52 minutes.


Starting up. 20:37.43
---------------------
Adding game mode AutoTraitor (extend-a-traitormongous) to configuration.
Adding game mode traitor+changeling (traitorchan) to configuration.
Adding game mode traitor (traitor) to configuration.
Adding game mode changeling (changeling) to configuration.
Adding game mode cult (cult) to configuration.
Adding game mode extended (extended) to configuration.
Adding game mode heist (heist) to configuration.
Adding game mode AI malfunction (malfunction) to configuration.
Adding game mode meteor (meteor) to configuration.
Adding game mode ninja (ninja) to configuration.
Adding game mode nuclear emergency (nuclear) to configuration.
Adding game mode rp-revolution (rp-revolution) to configuration.
Adding game mode revolution (revolution) to configuration.
Adding game mode wizard (wizard) to configuration.
Saved mode is 'extended'
Failed to connect to database in load_admins(). Reverting to legacy system.
Database connection failed. Reverting to the legacy ban system.
Failed to load config/mods.txt

[20:38:27]DEBUG: Next event in 32.584 minutes.
